<?xml version="1.0" encoding="UTF-8"?>
<coverage generated="1718115830790" clover="3.2.0">
  <project timestamp="1718115830790" name="All files">
    <metrics statements="850" coveredstatements="849" conditionals="475" coveredconditionals="474" methods="77" coveredmethods="77" elements="1402" coveredelements="1400" complexity="0" loc="850" ncloc="850" packages="2" files="5" classes="5"/>
    <package name="Poker">
      <metrics statements="174" coveredstatements="173" conditionals="138" coveredconditionals="137" methods="24" coveredmethods="24"/>
      <file name="app.js" path="C:\Users\John8\Desktop\homework\SoftwareTesting\poker\Poker\app.js">
        <metrics statements="174" coveredstatements="173" conditionals="138" coveredconditionals="137" methods="24" coveredmethods="24"/>
        <line num="1" count="1" type="stmt"/>
        <line num="2" count="1" type="stmt"/>
        <line num="3" count="1" type="stmt"/>
        <line num="4" count="1" type="stmt"/>
        <line num="5" count="1" type="stmt"/>
        <line num="6" count="1" type="stmt"/>
        <line num="7" count="1" type="stmt"/>
        <line num="8" count="1" type="stmt"/>
        <line num="10" count="1" type="stmt"/>
        <line num="11" count="1" type="stmt"/>
        <line num="12" count="1" type="stmt"/>
        <line num="13" count="1" type="stmt"/>
        <line num="14" count="1" type="stmt"/>
        <line num="15" count="1" type="stmt"/>
        <line num="16" count="1" type="stmt"/>
        <line num="17" count="1" type="stmt"/>
        <line num="20" count="1" type="stmt"/>
        <line num="21" count="1" type="cond" truecount="1" falsecount="1"/>
        <line num="22" count="0" type="stmt"/>
        <line num="25" count="1" type="stmt"/>
        <line num="26" count="1" type="stmt"/>
        <line num="27" count="1" type="stmt"/>
        <line num="29" count="1" type="cond" truecount="2" falsecount="0"/>
        <line num="30" count="1" type="stmt"/>
        <line num="31" count="1" type="stmt"/>
        <line num="34" count="1" type="stmt"/>
        <line num="35" count="1" type="stmt"/>
        <line num="39" count="1" type="stmt"/>
        <line num="40" count="1" type="stmt"/>
        <line num="41" count="1" type="stmt"/>
        <line num="43" count="4" type="cond" truecount="2" falsecount="0"/>
        <line num="44" count="3" type="stmt"/>
        <line num="45" count="3" type="stmt"/>
        <line num="46" count="3" type="stmt"/>
        <line num="47" count="3" type="stmt"/>
        <line num="48" count="3" type="stmt"/>
        <line num="49" count="3" type="stmt"/>
        <line num="50" count="3" type="stmt"/>
        <line num="53" count="1" type="stmt"/>
        <line num="57" count="1" type="stmt"/>
        <line num="58" count="1" type="stmt"/>
        <line num="62" count="1" type="stmt"/>
        <line num="63" count="1" type="stmt"/>
        <line num="67" count="1" type="stmt"/>
        <line num="68" count="1" type="stmt"/>
        <line num="72" count="1" type="stmt"/>
        <line num="73" count="2" type="cond" truecount="4" falsecount="0"/>
        <line num="74" count="1" type="stmt"/>
        <line num="76" count="1" type="stmt"/>
        <line num="80" count="1" type="stmt"/>
        <line num="85" count="54" type="stmt"/>
        <line num="86" count="42" type="cond" truecount="4" falsecount="0"/>
        <line num="88" count="41" type="stmt"/>
        <line num="90" count="41" type="stmt"/>
        <line num="92" count="41" type="stmt"/>
        <line num="99" count="54" type="stmt"/>
        <line num="103" count="2" type="cond" truecount="5" falsecount="0"/>
        <line num="105" count="1" type="stmt"/>
        <line num="107" count="1" type="stmt"/>
        <line num="114" count="54" type="stmt"/>
        <line num="116" count="44" type="cond" truecount="2" falsecount="0"/>
        <line num="118" count="41" type="cond" truecount="4" falsecount="0"/>
        <line num="120" count="26" type="stmt"/>
        <line num="122" count="26" type="stmt"/>
        <line num="124" count="26" type="stmt"/>
        <line num="127" count="41" type="stmt"/>
        <line num="135" count="54" type="stmt"/>
        <line num="137" count="3" type="cond" truecount="4" falsecount="0"/>
        <line num="139" count="2" type="stmt"/>
        <line num="141" count="2" type="stmt"/>
        <line num="143" count="2" type="stmt"/>
        <line num="145" count="2" type="stmt"/>
        <line num="154" count="54" type="stmt"/>
        <line num="158" count="45" type="cond" truecount="2" falsecount="0"/>
        <line num="159" count="44" type="stmt"/>
        <line num="161" count="44" type="cond" truecount="4" falsecount="0"/>
        <line num="162" count="43" type="stmt"/>
        <line num="163" count="43" type="stmt"/>
        <line num="164" count="85" type="cond" truecount="4" falsecount="0"/>
        <line num="165" count="1" type="stmt"/>
        <line num="166" count="1" type="stmt"/>
        <line num="169" count="43" type="cond" truecount="2" falsecount="0"/>
        <line num="171" count="42" type="stmt"/>
        <line num="172" count="42" type="stmt"/>
        <line num="174" count="1" type="stmt"/>
        <line num="177" count="1" type="stmt"/>
        <line num="181" count="1" type="stmt"/>
        <line num="189" count="54" type="stmt"/>
        <line num="190" count="37" type="stmt"/>
        <line num="192" count="37" type="cond" truecount="2" falsecount="0"/>
        <line num="218" count="36" type="cond" truecount="2" falsecount="0"/>
        <line num="219" count="1" type="stmt"/>
        <line num="220" count="35" type="cond" truecount="4" falsecount="0"/>
        <line num="221" count="2" type="stmt"/>
        <line num="224" count="33" type="stmt"/>
        <line num="226" count="33" type="stmt"/>
        <line num="230" count="1" type="stmt"/>
        <line num="238" count="54" type="stmt"/>
        <line num="239" count="2" type="cond" truecount="5" falsecount="0"/>
        <line num="241" count="1" type="stmt"/>
        <line num="242" count="1" type="stmt"/>
        <line num="243" count="1" type="stmt"/>
        <line num="252" count="54" type="stmt"/>
        <line num="253" count="8" type="cond" truecount="2" falsecount="0"/>
        <line num="254" count="7" type="stmt"/>
        <line num="255" count="7" type="stmt"/>
        <line num="257" count="7" type="cond" truecount="7" falsecount="0"/>
        <line num="262" count="6" type="cond" truecount="2" falsecount="0"/>
        <line num="263" count="5" type="stmt"/>
        <line num="264" count="5" type="cond" truecount="2" falsecount="0"/>
        <line num="266" count="4" type="stmt"/>
        <line num="269" count="1" type="stmt"/>
        <line num="272" count="1" type="stmt"/>
        <line num="273" count="1" type="stmt"/>
        <line num="283" count="54" type="stmt"/>
        <line num="284" count="7" type="stmt"/>
        <line num="285" count="7" type="stmt"/>
        <line num="287" count="7" type="cond" truecount="2" falsecount="0"/>
        <line num="288" count="6" type="stmt"/>
        <line num="289" count="6" type="stmt"/>
        <line num="291" count="6" type="cond" truecount="8" falsecount="0"/>
        <line num="299" count="3" type="stmt"/>
        <line num="300" count="3" type="stmt"/>
        <line num="309" count="54" type="stmt"/>
        <line num="310" count="3" type="cond" truecount="2" falsecount="0"/>
        <line num="311" count="2" type="stmt"/>
        <line num="312" count="2" type="stmt"/>
        <line num="314" count="2" type="cond" truecount="5" falsecount="0"/>
        <line num="316" count="1" type="stmt"/>
        <line num="317" count="1" type="stmt"/>
        <line num="326" count="54" type="stmt"/>
        <line num="327" count="3" type="cond" truecount="2" falsecount="0"/>
        <line num="328" count="2" type="stmt"/>
        <line num="329" count="2" type="stmt"/>
        <line num="331" count="2" type="stmt"/>
        <line num="332" count="2" type="stmt"/>
        <line num="334" count="2" type="cond" truecount="6" falsecount="0"/>
        <line num="336" count="1" type="stmt"/>
        <line num="337" count="1" type="stmt"/>
        <line num="347" count="54" type="stmt"/>
        <line num="348" count="4" type="cond" truecount="2" falsecount="0"/>
        <line num="349" count="3" type="stmt"/>
        <line num="350" count="3" type="stmt"/>
        <line num="352" count="3" type="cond" truecount="6" falsecount="0"/>
        <line num="354" count="2" type="stmt"/>
        <line num="355" count="2" type="cond" truecount="5" falsecount="0"/>
        <line num="357" count="1" type="stmt"/>
        <line num="358" count="1" type="stmt"/>
        <line num="368" count="54" type="stmt"/>
        <line num="369" count="5" type="cond" truecount="2" falsecount="0"/>
        <line num="370" count="4" type="stmt"/>
        <line num="371" count="4" type="stmt"/>
        <line num="373" count="4" type="cond" truecount="2" falsecount="0"/>
        <line num="385" count="3" type="stmt"/>
        <line num="386" count="3" type="cond" truecount="4" falsecount="0"/>
        <line num="387" count="2" type="stmt"/>
        <line num="388" count="2" type="cond" truecount="2" falsecount="0"/>
        <line num="390" count="1" type="stmt"/>
        <line num="392" count="1" type="stmt"/>
        <line num="403" count="54" type="stmt"/>
        <line num="404" count="2" type="stmt"/>
        <line num="405" count="2" type="stmt"/>
        <line num="406" count="2" type="stmt"/>
        <line num="407" count="2" type="cond" truecount="4" falsecount="0"/>
        <line num="408" count="1" type="stmt"/>
        <line num="419" count="1" type="stmt"/>
        <line num="420" count="58" type="stmt"/>
        <line num="421" count="489" type="stmt"/>
        <line num="430" count="2" type="stmt"/>
        <line num="433" count="1" type="stmt"/>
        <line num="434" count="1" type="stmt"/>
        <line num="435" count="1" type="stmt"/>
        <line num="436" count="1" type="stmt"/>
        <line num="438" count="1" type="stmt"/>
      </file>
    </package>
    <package name="Poker.poker_modules">
      <metrics statements="676" coveredstatements="676" conditionals="337" coveredconditionals="337" methods="53" coveredmethods="53"/>
      <file name="deck.js" path="C:\Users\John8\Desktop\homework\SoftwareTesting\poker\Poker\poker_modules\deck.js">
        <metrics statements="17" coveredstatements="17" conditionals="2" coveredconditionals="2" methods="3" coveredmethods="3"/>
        <line num="4" count="3" type="stmt"/>
        <line num="5" count="81" type="stmt"/>
        <line num="6" count="81" type="stmt"/>
        <line num="22" count="3" type="stmt"/>
        <line num="24" count="88" type="stmt"/>
        <line num="25" count="88" type="stmt"/>
        <line num="27" count="88" type="stmt"/>
        <line num="28" count="4576" type="stmt"/>
        <line num="29" count="4576" type="stmt"/>
        <line num="31" count="88" type="stmt"/>
        <line num="35" count="3" type="stmt"/>
        <line num="36" count="42" type="stmt"/>
        <line num="37" count="42" type="cond" truecount="2" falsecount="0"/>
        <line num="38" count="91" type="stmt"/>
        <line num="39" count="91" type="stmt"/>
        <line num="41" count="42" type="stmt"/>
        <line num="44" count="3" type="stmt"/>
      </file>
      <file name="player.js" path="C:\Users\John8\Desktop\homework\SoftwareTesting\poker\Poker\poker_modules\player.js">
        <metrics statements="222" coveredstatements="222" conditionals="114" coveredconditionals="114" methods="12" coveredmethods="12"/>
        <line num="8" count="2" type="stmt"/>
        <line num="9" count="195" type="stmt"/>
        <line num="26" count="195" type="stmt"/>
        <line num="28" count="195" type="stmt"/>
        <line num="30" count="195" type="stmt"/>
        <line num="32" count="195" type="stmt"/>
        <line num="34" count="195" type="stmt"/>
        <line num="36" count="195" type="stmt"/>
        <line num="38" count="195" type="stmt"/>
        <line num="44" count="2" type="stmt"/>
        <line num="45" count="30" type="cond" truecount="2" falsecount="0"/>
        <line num="46" count="29" type="stmt"/>
        <line num="48" count="29" type="stmt"/>
        <line num="49" count="29" type="stmt"/>
        <line num="51" count="29" type="stmt"/>
        <line num="52" count="29" type="stmt"/>
        <line num="62" count="2" type="stmt"/>
        <line num="64" count="143" type="stmt"/>
        <line num="65" count="143" type="stmt"/>
        <line num="66" count="143" type="stmt"/>
        <line num="68" count="143" type="stmt"/>
        <line num="69" count="143" type="stmt"/>
        <line num="75" count="2" type="stmt"/>
        <line num="76" count="58" type="cond" truecount="2" falsecount="0"/>
        <line num="77" count="57" type="stmt"/>
        <line num="78" count="57" type="stmt"/>
        <line num="85" count="2" type="stmt"/>
        <line num="87" count="2" type="stmt"/>
        <line num="88" count="2" type="stmt"/>
        <line num="89" count="2" type="stmt"/>
        <line num="96" count="2" type="stmt"/>
        <line num="97" count="9" type="stmt"/>
        <line num="98" count="9" type="cond" truecount="2" falsecount="0"/>
        <line num="99" count="1" type="stmt"/>
        <line num="101" count="9" type="stmt"/>
        <line num="102" count="9" type="stmt"/>
        <line num="109" count="2" type="stmt"/>
        <line num="110" count="3" type="stmt"/>
        <line num="111" count="3" type="cond" truecount="2" falsecount="0"/>
        <line num="112" count="1" type="stmt"/>
        <line num="114" count="3" type="stmt"/>
        <line num="115" count="3" type="stmt"/>
        <line num="121" count="2" type="stmt"/>
        <line num="122" count="188" type="stmt"/>
        <line num="123" count="188" type="stmt"/>
        <line num="124" count="188" type="stmt"/>
        <line num="125" count="188" type="stmt"/>
        <line num="126" count="188" type="stmt"/>
        <line num="127" count="188" type="stmt"/>
        <line num="135" count="2" type="stmt"/>
        <line num="136" count="24" type="stmt"/>
        <line num="137" count="24" type="stmt"/>
        <line num="138" count="24" type="stmt"/>
        <line num="141" count="24" type="stmt"/>
        <line num="142" count="29" type="cond" truecount="4" falsecount="0"/>
        <line num="143" count="18" type="cond" truecount="2" falsecount="0"/>
        <line num="145" count="11" type="stmt"/>
        <line num="158" count="24" type="stmt"/>
        <line num="159" count="22" type="stmt"/>
        <line num="163" count="24" type="stmt"/>
        <line num="164" count="293" type="stmt"/>
        <line num="167" count="24" type="stmt"/>
        <line num="168" count="24" type="stmt"/>
        <line num="169" count="24" type="stmt"/>
        <line num="170" count="24" type="stmt"/>
        <line num="182" count="24" type="stmt"/>
        <line num="184" count="24" type="stmt"/>
        <line num="187" count="24" type="stmt"/>
        <line num="189" count="144" type="stmt"/>
        <line num="192" count="144" type="stmt"/>
        <line num="193" count="144" type="stmt"/>
        <line num="196" count="144" type="cond" truecount="2" falsecount="0"/>
        <line num="197" count="65" type="stmt"/>
        <line num="200" count="79" type="cond" truecount="4" falsecount="0"/>
        <line num="201" count="35" type="stmt"/>
        <line num="204" count="44" type="cond" truecount="2" falsecount="0"/>
        <line num="205" count="40" type="cond" truecount="2" falsecount="0"/>
        <line num="206" count="25" type="stmt"/>
        <line num="208" count="15" type="stmt"/>
        <line num="214" count="24" type="cond" truecount="2" falsecount="0"/>
        <line num="216" count="11" type="cond" truecount="4" falsecount="0"/>
        <line num="217" count="2" type="stmt"/>
        <line num="221" count="11" type="cond" truecount="2" falsecount="0"/>
        <line num="222" count="8" type="stmt"/>
        <line num="223" count="8" type="stmt"/>
        <line num="228" count="24" type="stmt"/>
        <line num="229" count="85" type="stmt"/>
        <line num="230" count="85" type="cond" truecount="2" falsecount="0"/>
        <line num="232" count="6" type="cond" truecount="2" falsecount="0"/>
        <line num="233" count="5" type="stmt"/>
        <line num="234" count="5" type="stmt"/>
        <line num="235" count="5" type="cond" truecount="2" falsecount="0"/>
        <line num="236" count="19" type="stmt"/>
        <line num="237" count="19" type="stmt"/>
        <line num="239" count="19" type="cond" truecount="2" falsecount="0"/>
        <line num="240" count="15" type="stmt"/>
        <line num="242" count="4" type="cond" truecount="4" falsecount="0"/>
        <line num="243" count="3" type="stmt"/>
        <line num="246" count="1" type="stmt"/>
        <line num="248" count="18" type="stmt"/>
        <line num="250" count="4" type="cond" truecount="5" falsecount="0"/>
        <line num="251" count="1" type="stmt"/>
        <line num="253" count="4" type="cond" truecount="2" falsecount="0"/>
        <line num="254" count="3" type="stmt"/>
        <line num="255" count="3" type="cond" truecount="2" falsecount="0"/>
        <line num="256" count="1" type="stmt"/>
        <line num="258" count="2" type="stmt"/>
        <line num="263" count="5" type="cond" truecount="4" falsecount="0"/>
        <line num="264" count="2" type="stmt"/>
        <line num="265" count="2" type="stmt"/>
        <line num="267" count="5" type="stmt"/>
        <line num="272" count="23" type="cond" truecount="2" falsecount="0"/>
        <line num="273" count="15" type="stmt"/>
        <line num="275" count="15" type="stmt"/>
        <line num="276" count="24" type="stmt"/>
        <line num="278" count="15" type="stmt"/>
        <line num="279" count="15" type="stmt"/>
        <line num="280" count="15" type="cond" truecount="2" falsecount="0"/>
        <line num="282" count="13" type="cond" truecount="2" falsecount="0"/>
        <line num="284" count="5" type="stmt"/>
        <line num="286" count="5" type="cond" truecount="2" falsecount="0"/>
        <line num="287" count="1" type="stmt"/>
        <line num="288" count="1" type="stmt"/>
        <line num="289" count="5" type="cond" truecount="2" falsecount="0"/>
        <line num="290" count="3" type="stmt"/>
        <line num="291" count="3" type="stmt"/>
        <line num="293" count="5" type="stmt"/>
        <line num="297" count="4" type="cond" truecount="2" falsecount="0"/>
        <line num="298" count="1" type="stmt"/>
        <line num="299" count="1" type="stmt"/>
        <line num="300" count="5" type="cond" truecount="2" falsecount="0"/>
        <line num="301" count="2" type="stmt"/>
        <line num="302" count="2" type="stmt"/>
        <line num="304" count="5" type="stmt"/>
        <line num="308" count="3" type="cond" truecount="2" falsecount="0"/>
        <line num="309" count="2" type="stmt"/>
        <line num="310" count="2" type="stmt"/>
        <line num="311" count="6" type="cond" truecount="2" falsecount="0"/>
        <line num="312" count="2" type="stmt"/>
        <line num="313" count="2" type="stmt"/>
        <line num="315" count="6" type="stmt"/>
        <line num="319" count="1" type="stmt"/>
        <line num="323" count="8" type="cond" truecount="2" falsecount="0"/>
        <line num="325" count="5" type="cond" truecount="5" falsecount="0"/>
        <line num="326" count="2" type="stmt"/>
        <line num="327" count="2" type="stmt"/>
        <line num="329" count="3" type="stmt"/>
        <line num="330" count="3" type="stmt"/>
        <line num="334" count="5" type="cond" truecount="2" falsecount="0"/>
        <line num="336" count="2" type="stmt"/>
        <line num="337" count="4" type="stmt"/>
        <line num="339" count="2" type="stmt"/>
        <line num="341" count="2" type="stmt"/>
        <line num="342" count="4" type="cond" truecount="4" falsecount="0"/>
        <line num="343" count="2" type="stmt"/>
        <line num="344" count="2" type="stmt"/>
        <line num="346" count="4" type="stmt"/>
        <line num="350" count="3" type="cond" truecount="2" falsecount="0"/>
        <line num="351" count="1" type="stmt"/>
        <line num="352" count="1" type="stmt"/>
        <line num="353" count="2" type="stmt"/>
        <line num="357" count="2" type="stmt"/>
        <line num="358" count="2" type="stmt"/>
        <line num="359" count="6" type="cond" truecount="2" falsecount="0"/>
        <line num="360" count="2" type="stmt"/>
        <line num="361" count="2" type="stmt"/>
        <line num="363" count="6" type="stmt"/>
        <line num="368" count="3" type="stmt"/>
        <line num="370" count="3" type="stmt"/>
        <line num="371" count="7" type="cond" truecount="2" falsecount="0"/>
        <line num="372" count="1" type="stmt"/>
        <line num="373" count="1" type="stmt"/>
        <line num="374" count="1" type="stmt"/>
        <line num="375" count="1" type="stmt"/>
        <line num="379" count="3" type="cond" truecount="2" falsecount="0"/>
        <line num="380" count="2" type="stmt"/>
        <line num="381" count="2" type="stmt"/>
        <line num="382" count="2" type="stmt"/>
        <line num="387" count="3" type="stmt"/>
        <line num="388" count="6" type="stmt"/>
        <line num="393" count="3" type="cond" truecount="2" falsecount="0"/>
        <line num="394" count="2" type="stmt"/>
        <line num="395" count="4" type="cond" truecount="4" falsecount="0"/>
        <line num="396" count="2" type="stmt"/>
        <line num="397" count="2" type="stmt"/>
        <line num="399" count="4" type="stmt"/>
        <line num="406" count="22" type="cond" truecount="2" falsecount="0"/>
        <line num="407" count="2" type="stmt"/>
        <line num="408" count="2" type="stmt"/>
        <line num="411" count="22" type="cond" truecount="10" falsecount="0"/>
        <line num="413" count="2" type="stmt"/>
        <line num="414" count="2" type="stmt"/>
        <line num="415" count="2" type="stmt"/>
        <line num="417" count="1" type="stmt"/>
        <line num="418" count="1" type="stmt"/>
        <line num="419" count="1" type="stmt"/>
        <line num="421" count="4" type="stmt"/>
        <line num="422" count="4" type="stmt"/>
        <line num="423" count="4" type="stmt"/>
        <line num="425" count="1" type="stmt"/>
        <line num="426" count="1" type="stmt"/>
        <line num="427" count="1" type="stmt"/>
        <line num="429" count="3" type="stmt"/>
        <line num="430" count="3" type="stmt"/>
        <line num="431" count="3" type="stmt"/>
        <line num="433" count="2" type="stmt"/>
        <line num="434" count="2" type="stmt"/>
        <line num="435" count="2" type="stmt"/>
        <line num="437" count="2" type="stmt"/>
        <line num="438" count="2" type="stmt"/>
        <line num="439" count="2" type="stmt"/>
        <line num="441" count="4" type="stmt"/>
        <line num="442" count="4" type="stmt"/>
        <line num="443" count="4" type="stmt"/>
        <line num="445" count="2" type="stmt"/>
        <line num="446" count="2" type="stmt"/>
        <line num="447" count="2" type="stmt"/>
        <line num="449" count="1" type="stmt"/>
        <line num="450" count="1" type="stmt"/>
        <line num="451" count="1" type="stmt"/>
        <line num="453" count="22" type="stmt"/>
        <line num="456" count="2" type="stmt"/>
      </file>
      <file name="pot.js" path="C:\Users\John8\Desktop\homework\SoftwareTesting\poker\Poker\poker_modules\pot.js">
        <metrics statements="89" coveredstatements="89" conditionals="43" coveredconditionals="43" methods="8" coveredmethods="8"/>
        <line num="4" count="3" type="stmt"/>
        <line num="10" count="81" type="stmt"/>
        <line num="21" count="3" type="stmt"/>
        <line num="22" count="18" type="stmt"/>
        <line num="23" count="18" type="stmt"/>
        <line num="24" count="18" type="stmt"/>
        <line num="31" count="3" type="stmt"/>
        <line num="33" count="10" type="stmt"/>
        <line num="36" count="10" type="stmt"/>
        <line num="38" count="10" type="stmt"/>
        <line num="42" count="10" type="stmt"/>
        <line num="43" count="35" type="cond" truecount="4" falsecount="0"/>
        <line num="44" count="18" type="cond" truecount="2" falsecount="0"/>
        <line num="45" count="9" type="stmt"/>
        <line num="47" count="9" type="cond" truecount="2" falsecount="0"/>
        <line num="48" count="7" type="stmt"/>
        <line num="50" count="7" type="cond" truecount="2" falsecount="0"/>
        <line num="51" count="1" type="stmt"/>
        <line num="59" count="10" type="cond" truecount="2" falsecount="0"/>
        <line num="60" count="5" type="stmt"/>
        <line num="61" count="21" type="cond" truecount="4" falsecount="0"/>
        <line num="62" count="6" type="stmt"/>
        <line num="63" count="6" type="stmt"/>
        <line num="64" count="6" type="cond" truecount="2" falsecount="0"/>
        <line num="65" count="3" type="stmt"/>
        <line num="73" count="5" type="stmt"/>
        <line num="74" count="14" type="cond" truecount="4" falsecount="0"/>
        <line num="75" count="12" type="stmt"/>
        <line num="76" count="12" type="stmt"/>
        <line num="77" count="12" type="cond" truecount="2" falsecount="0"/>
        <line num="78" count="9" type="stmt"/>
        <line num="84" count="5" type="stmt"/>
        <line num="92" count="5" type="stmt"/>
        <line num="100" count="3" type="stmt"/>
        <line num="102" count="22" type="stmt"/>
        <line num="104" count="22" type="stmt"/>
        <line num="105" count="22" type="stmt"/>
        <line num="107" count="22" type="cond" truecount="2" falsecount="0"/>
        <line num="108" count="21" type="stmt"/>
        <line num="112" count="3" type="stmt"/>
        <line num="113" count="5" type="stmt"/>
        <line num="114" count="5" type="stmt"/>
        <line num="117" count="5" type="stmt"/>
        <line num="118" count="5" type="stmt"/>
        <line num="119" count="5" type="stmt"/>
        <line num="120" count="5" type="stmt"/>
        <line num="121" count="5" type="stmt"/>
        <line num="122" count="15" type="cond" truecount="5" falsecount="0"/>
        <line num="123" count="14" type="cond" truecount="2" falsecount="0"/>
        <line num="124" count="10" type="stmt"/>
        <line num="125" count="10" type="stmt"/>
        <line num="127" count="4" type="cond" truecount="2" falsecount="0"/>
        <line num="128" count="3" type="stmt"/>
        <line num="132" count="5" type="cond" truecount="2" falsecount="0"/>
        <line num="133" count="3" type="stmt"/>
        <line num="134" count="3" type="stmt"/>
        <line num="135" count="3" type="stmt"/>
        <line num="136" count="3" type="stmt"/>
        <line num="138" count="2" type="stmt"/>
        <line num="140" count="2" type="stmt"/>
        <line num="141" count="2" type="stmt"/>
        <line num="143" count="2" type="stmt"/>
        <line num="144" count="4" type="stmt"/>
        <line num="145" count="4" type="cond" truecount="4" falsecount="0"/>
        <line num="146" count="1" type="stmt"/>
        <line num="148" count="3" type="stmt"/>
        <line num="151" count="4" type="stmt"/>
        <line num="152" count="4" type="stmt"/>
        <line num="153" count="4" type="stmt"/>
        <line num="154" count="4" type="stmt"/>
        <line num="159" count="5" type="stmt"/>
        <line num="161" count="5" type="stmt"/>
        <line num="169" count="3" type="stmt"/>
        <line num="170" count="1" type="stmt"/>
        <line num="171" count="1" type="stmt"/>
        <line num="173" count="1" type="stmt"/>
        <line num="174" count="1" type="stmt"/>
        <line num="175" count="1" type="stmt"/>
        <line num="178" count="1" type="stmt"/>
        <line num="179" count="1" type="stmt"/>
        <line num="186" count="3" type="stmt"/>
        <line num="187" count="31" type="stmt"/>
        <line num="188" count="31" type="stmt"/>
        <line num="189" count="31" type="stmt"/>
        <line num="190" count="31" type="cond" truecount="2" falsecount="0"/>
        <line num="191" count="1" type="stmt"/>
        <line num="196" count="3" type="stmt"/>
        <line num="197" count="3" type="stmt"/>
        <line num="201" count="3" type="stmt"/>
      </file>
      <file name="table.js" path="C:\Users\John8\Desktop\homework\SoftwareTesting\poker\Poker\poker_modules\table.js">
        <metrics statements="348" coveredstatements="348" conditionals="178" coveredconditionals="178" methods="30" coveredmethods="30"/>
        <line num="1" count="2" type="stmt"/>
        <line num="2" count="2" type="stmt"/>
        <line num="17" count="2" type="stmt"/>
        <line num="19" count="80" type="stmt"/>
        <line num="21" count="80" type="stmt"/>
        <line num="23" count="80" type="stmt"/>
        <line num="25" count="80" type="stmt"/>
        <line num="27" count="80" type="stmt"/>
        <line num="29" count="80" type="stmt"/>
        <line num="31" count="80" type="stmt"/>
        <line num="33" count="80" type="stmt"/>
        <line num="35" count="80" type="stmt"/>
        <line num="37" count="80" type="stmt"/>
        <line num="39" count="80" type="stmt"/>
        <line num="78" count="80" type="stmt"/>
        <line num="79" count="608" type="stmt"/>
        <line num="84" count="2" type="stmt"/>
        <line num="85" count="490" type="stmt"/>
        <line num="86" count="490" type="stmt"/>
        <line num="100" count="2" type="stmt"/>
        <line num="101" count="235" type="cond" truecount="2" falsecount="0"/>
        <line num="102" count="235" type="cond" truecount="2" falsecount="0"/>
        <line num="104" count="235" type="cond" truecount="2" falsecount="0"/>
        <line num="105" count="49" type="stmt"/>
        <line num="106" count="49" type="cond" truecount="2" falsecount="0"/>
        <line num="107" count="46" type="stmt"/>
        <line num="108" count="172" type="cond" truecount="2" falsecount="0"/>
        <line num="109" count="24" type="stmt"/>
        <line num="110" count="24" type="stmt"/>
        <line num="111" count="46" type="stmt"/>
        <line num="113" count="24" type="cond" truecount="2" falsecount="0"/>
        <line num="114" count="23" type="stmt"/>
        <line num="119" count="26" type="stmt"/>
        <line num="120" count="28" type="cond" truecount="2" falsecount="0"/>
        <line num="121" count="27" type="stmt"/>
        <line num="122" count="27" type="stmt"/>
        <line num="123" count="48" type="stmt"/>
        <line num="125" count="27" type="cond" truecount="2" falsecount="0"/>
        <line num="126" count="26" type="stmt"/>
        <line num="131" count="186" type="cond" truecount="2" falsecount="0"/>
        <line num="132" count="183" type="stmt"/>
        <line num="133" count="513" type="cond" truecount="4" falsecount="0"/>
        <line num="134" count="125" type="stmt"/>
        <line num="138" count="61" type="stmt"/>
        <line num="139" count="63" type="cond" truecount="4" falsecount="0"/>
        <line num="140" count="59" type="stmt"/>
        <line num="145" count="2" type="stmt"/>
        <line num="154" count="2" type="stmt"/>
        <line num="155" count="12" type="cond" truecount="2" falsecount="0"/>
        <line num="156" count="12" type="cond" truecount="2" falsecount="0"/>
        <line num="158" count="12" type="cond" truecount="2" falsecount="0"/>
        <line num="159" count="5" type="stmt"/>
        <line num="160" count="5" type="cond" truecount="2" falsecount="0"/>
        <line num="161" count="3" type="stmt"/>
        <line num="162" count="4" type="cond" truecount="2" falsecount="0"/>
        <line num="163" count="3" type="stmt"/>
        <line num="164" count="3" type="stmt"/>
        <line num="165" count="3" type="stmt"/>
        <line num="167" count="3" type="cond" truecount="2" falsecount="0"/>
        <line num="168" count="2" type="stmt"/>
        <line num="173" count="3" type="stmt"/>
        <line num="174" count="5" type="cond" truecount="2" falsecount="0"/>
        <line num="175" count="4" type="stmt"/>
        <line num="176" count="4" type="stmt"/>
        <line num="177" count="4" type="stmt"/>
        <line num="179" count="4" type="cond" truecount="2" falsecount="0"/>
        <line num="180" count="1" type="stmt"/>
        <line num="185" count="7" type="cond" truecount="2" falsecount="0"/>
        <line num="186" count="6" type="stmt"/>
        <line num="187" count="7" type="cond" truecount="4" falsecount="0"/>
        <line num="188" count="5" type="stmt"/>
        <line num="192" count="2" type="stmt"/>
        <line num="193" count="2" type="cond" truecount="4" falsecount="0"/>
        <line num="194" count="1" type="stmt"/>
        <line num="199" count="3" type="stmt"/>
        <line num="205" count="2" type="stmt"/>
        <line num="206" count="89" type="cond" truecount="2" falsecount="0"/>
        <line num="208" count="89" type="stmt"/>
        <line num="209" count="89" type="stmt"/>
        <line num="212" count="89" type="cond" truecount="2" falsecount="0"/>
        <line num="214" count="87" type="stmt"/>
        <line num="215" count="87" type="stmt"/>
        <line num="216" count="87" type="stmt"/>
        <line num="217" count="87" type="stmt"/>
        <line num="218" count="87" type="stmt"/>
        <line num="220" count="87" type="stmt"/>
        <line num="222" count="828" type="cond" truecount="4" falsecount="0"/>
        <line num="223" count="199" type="cond" truecount="2" falsecount="0"/>
        <line num="224" count="3" type="stmt"/>
        <line num="225" count="3" type="stmt"/>
        <line num="227" count="196" type="stmt"/>
        <line num="228" count="196" type="stmt"/>
        <line num="234" count="87" type="cond" truecount="2" falsecount="0"/>
        <line num="235" count="58" type="stmt"/>
        <line num="236" count="58" type="stmt"/>
        <line num="237" count="58" type="stmt"/>
        <line num="240" count="58" type="cond" truecount="2" falsecount="0"/>
        <line num="241" count="88" type="stmt"/>
        <line num="242" count="88" type="cond" truecount="4" falsecount="0"/>
        <line num="243" count="87" type="stmt"/>
        <line num="246" count="58" type="stmt"/>
        <line num="247" count="29" type="cond" truecount="4" falsecount="0"/>
        <line num="250" count="28" type="stmt"/>
        <line num="253" count="87" type="stmt"/>
        <line num="260" count="2" type="stmt"/>
        <line num="262" count="100" type="stmt"/>
        <line num="265" count="100" type="cond" truecount="2" falsecount="0"/>
        <line num="266" count="57" type="stmt"/>
        <line num="268" count="43" type="stmt"/>
        <line num="271" count="100" type="stmt"/>
        <line num="272" count="100" type="stmt"/>
        <line num="275" count="100" type="stmt"/>
        <line num="276" count="100" type="stmt"/>
        <line num="282" count="2" type="stmt"/>
        <line num="284" count="18" type="stmt"/>
        <line num="285" count="18" type="stmt"/>
        <line num="291" count="2" type="stmt"/>
        <line num="293" count="19" type="stmt"/>
        <line num="294" count="19" type="stmt"/>
        <line num="296" count="19" type="stmt"/>
        <line num="298" count="19" type="stmt"/>
        <line num="299" count="51" type="stmt"/>
        <line num="300" count="51" type="stmt"/>
        <line num="301" count="51" type="stmt"/>
        <line num="302" count="51" type="stmt"/>
        <line num="305" count="19" type="stmt"/>
        <line num="311" count="2" type="stmt"/>
        <line num="312" count="11" type="cond" truecount="3" falsecount="0"/>
        <line num="314" count="9" type="stmt"/>
        <line num="315" count="9" type="stmt"/>
        <line num="316" count="9" type="stmt"/>
        <line num="318" count="1" type="stmt"/>
        <line num="319" count="1" type="stmt"/>
        <line num="320" count="1" type="stmt"/>
        <line num="322" count="1" type="stmt"/>
        <line num="323" count="1" type="stmt"/>
        <line num="324" count="1" type="stmt"/>
        <line num="327" count="11" type="stmt"/>
        <line num="328" count="11" type="stmt"/>
        <line num="329" count="11" type="stmt"/>
        <line num="330" count="11" type="stmt"/>
        <line num="331" count="11" type="stmt"/>
        <line num="334" count="11" type="cond" truecount="2" falsecount="0"/>
        <line num="335" count="1" type="stmt"/>
        <line num="336" count="1" type="stmt"/>
        <line num="337" count="1" type="stmt"/>
        <line num="340" count="10" type="stmt"/>
        <line num="347" count="2" type="stmt"/>
        <line num="348" count="58" type="stmt"/>
        <line num="350" count="58" type="cond" truecount="6" falsecount="0"/>
        <line num="352" count="12" type="stmt"/>
        <line num="353" count="12" type="stmt"/>
        <line num="355" count="17" type="stmt"/>
        <line num="356" count="17" type="stmt"/>
        <line num="358" count="24" type="cond" truecount="2" falsecount="0"/>
        <line num="359" count="1" type="stmt"/>
        <line num="361" count="23" type="stmt"/>
        <line num="363" count="24" type="stmt"/>
        <line num="368" count="5" type="cond" truecount="2" falsecount="0"/>
        <line num="369" count="2" type="cond" truecount="2" falsecount="0"/>
        <line num="370" count="1" type="stmt"/>
        <line num="372" count="1" type="stmt"/>
        <line num="375" count="3" type="stmt"/>
        <line num="377" count="5" type="stmt"/>
        <line num="380" count="58" type="stmt"/>
        <line num="386" count="2" type="stmt"/>
        <line num="387" count="8" type="stmt"/>
        <line num="389" count="8" type="stmt"/>
        <line num="390" count="8" type="stmt"/>
        <line num="392" count="8" type="stmt"/>
        <line num="393" count="8" type="stmt"/>
        <line num="396" count="8" type="cond" truecount="2" falsecount="0"/>
        <line num="397" count="1" type="stmt"/>
        <line num="399" count="8" type="stmt"/>
        <line num="402" count="8" type="stmt"/>
        <line num="404" count="8" type="stmt"/>
        <line num="405" count="8" type="stmt"/>
        <line num="406" count="8" type="stmt"/>
        <line num="412" count="8" type="stmt"/>
        <line num="415" count="8" type="stmt"/>
        <line num="416" count="8" type="stmt"/>
        <line num="417" count="8" type="stmt"/>
        <line num="424" count="2" type="stmt"/>
        <line num="425" count="4" type="cond" truecount="4" falsecount="0"/>
        <line num="429" count="3" type="stmt"/>
        <line num="430" count="3" type="stmt"/>
        <line num="432" count="1" type="stmt"/>
        <line num="433" count="1" type="stmt"/>
        <line num="441" count="2" type="stmt"/>
        <line num="442" count="13" type="cond" truecount="2" falsecount="0"/>
        <line num="443" count="13" type="stmt"/>
        <line num="444" count="13" type="stmt"/>
        <line num="450" count="13" type="cond" truecount="2" falsecount="0"/>
        <line num="451" count="13" type="stmt"/>
        <line num="452" count="13" type="stmt"/>
        <line num="459" count="2" type="stmt"/>
        <line num="460" count="10" type="cond" truecount="2" falsecount="0"/>
        <line num="461" count="10" type="stmt"/>
        <line num="462" count="10" type="stmt"/>
        <line num="468" count="10" type="cond" truecount="2" falsecount="0"/>
        <line num="469" count="10" type="stmt"/>
        <line num="470" count="10" type="stmt"/>
        <line num="476" count="2" type="stmt"/>
        <line num="477" count="9" type="stmt"/>
        <line num="478" count="9" type="stmt"/>
        <line num="484" count="9" type="stmt"/>
        <line num="486" count="9" type="stmt"/>
        <line num="487" count="9" type="stmt"/>
        <line num="488" count="9" type="cond" truecount="2" falsecount="0"/>
        <line num="489" count="6" type="stmt"/>
        <line num="490" count="6" type="stmt"/>
        <line num="491" count="6" type="stmt"/>
        <line num="492" count="6" type="stmt"/>
        <line num="494" count="3" type="cond" truecount="2" falsecount="0"/>
        <line num="495" count="1" type="stmt"/>
        <line num="497" count="2" type="stmt"/>
        <line num="505" count="2" type="stmt"/>
        <line num="506" count="7" type="stmt"/>
        <line num="513" count="7" type="stmt"/>
        <line num="515" count="7" type="cond" truecount="2" falsecount="0"/>
        <line num="516" count="3" type="stmt"/>
        <line num="518" count="4" type="stmt"/>
        <line num="525" count="2" type="stmt"/>
        <line num="526" count="7" type="stmt"/>
        <line num="527" count="7" type="stmt"/>
        <line num="529" count="7" type="stmt"/>
        <line num="536" count="7" type="stmt"/>
        <line num="538" count="7" type="cond" truecount="4" falsecount="0"/>
        <line num="539" count="5" type="stmt"/>
        <line num="541" count="2" type="stmt"/>
        <line num="548" count="2" type="stmt"/>
        <line num="549" count="8" type="stmt"/>
        <line num="550" count="8" type="cond" truecount="2" falsecount="0"/>
        <line num="552" count="8" type="stmt"/>
        <line num="559" count="8" type="stmt"/>
        <line num="561" count="8" type="stmt"/>
        <line num="562" count="8" type="cond" truecount="2" falsecount="0"/>
        <line num="563" count="1" type="stmt"/>
        <line num="565" count="7" type="stmt"/>
        <line num="566" count="7" type="stmt"/>
        <line num="573" count="2" type="stmt"/>
        <line num="574" count="8" type="stmt"/>
        <line num="575" count="8" type="stmt"/>
        <line num="576" count="8" type="cond" truecount="2" falsecount="0"/>
        <line num="577" count="8" type="stmt"/>
        <line num="578" count="8" type="stmt"/>
        <line num="584" count="8" type="stmt"/>
        <line num="586" count="8" type="stmt"/>
        <line num="587" count="8" type="cond" truecount="2" falsecount="0"/>
        <line num="588" count="1" type="stmt"/>
        <line num="590" count="7" type="stmt"/>
        <line num="591" count="7" type="stmt"/>
        <line num="600" count="2" type="stmt"/>
        <line num="601" count="145" type="stmt"/>
        <line num="602" count="145" type="stmt"/>
        <line num="604" count="145" type="stmt"/>
        <line num="607" count="145" type="stmt"/>
        <line num="609" count="145" type="stmt"/>
        <line num="616" count="2" type="stmt"/>
        <line num="617" count="150" type="stmt"/>
        <line num="623" count="150" type="stmt"/>
        <line num="626" count="150" type="stmt"/>
        <line num="627" count="150" type="stmt"/>
        <line num="629" count="150" type="stmt"/>
        <line num="632" count="150" type="cond" truecount="4" falsecount="0"/>
        <line num="634" count="55" type="stmt"/>
        <line num="642" count="2" type="stmt"/>
        <line num="643" count="41" type="stmt"/>
        <line num="651" count="41" type="cond" truecount="2" falsecount="0"/>
        <line num="652" count="40" type="stmt"/>
        <line num="655" count="40" type="cond" truecount="2" falsecount="0"/>
        <line num="656" count="38" type="stmt"/>
        <line num="659" count="40" type="stmt"/>
        <line num="662" count="40" type="stmt"/>
        <line num="663" count="40" type="stmt"/>
        <line num="666" count="40" type="cond" truecount="2" falsecount="0"/>
        <line num="667" count="11" type="stmt"/>
        <line num="670" count="40" type="stmt"/>
        <line num="671" count="40" type="stmt"/>
        <line num="674" count="40" type="cond" truecount="2" falsecount="0"/>
        <line num="675" count="2" type="stmt"/>
        <line num="678" count="38" type="cond" truecount="4" falsecount="0"/>
        <line num="679" count="8" type="stmt"/>
        <line num="689" count="2" type="stmt"/>
        <line num="691" count="38" type="cond" truecount="2" falsecount="0"/>
        <line num="692" count="4" type="stmt"/>
        <line num="696" count="38" type="cond" truecount="2" falsecount="0"/>
        <line num="697" count="7" type="stmt"/>
        <line num="703" count="7" type="stmt"/>
        <line num="707" count="38" type="cond" truecount="2" falsecount="0"/>
        <line num="708" count="14" type="stmt"/>
        <line num="710" count="38" type="stmt"/>
        <line num="712" count="38" type="stmt"/>
        <line num="713" count="38" type="stmt"/>
        <line num="715" count="38" type="cond" truecount="2" falsecount="0"/>
        <line num="716" count="29" type="stmt"/>
        <line num="717" count="29" type="stmt"/>
        <line num="719" count="29" type="cond" truecount="2" falsecount="0"/>
        <line num="720" count="5" type="cond" truecount="2" falsecount="0"/>
        <line num="721" count="3" type="stmt"/>
        <line num="725" count="24" type="cond" truecount="4" falsecount="0"/>
        <line num="726" count="8" type="stmt"/>
        <line num="729" count="16" type="cond" truecount="4" falsecount="0"/>
        <line num="730" count="2" type="cond" truecount="2" falsecount="0"/>
        <line num="731" count="1" type="stmt"/>
        <line num="735" count="14" type="cond" truecount="2" falsecount="0"/>
        <line num="736" count="1" type="stmt"/>
        <line num="740" count="9" type="stmt"/>
        <line num="742" count="38" type="stmt"/>
        <line num="745" count="2" type="stmt"/>
        <line num="747" count="28" type="stmt"/>
        <line num="748" count="28" type="stmt"/>
        <line num="749" count="28" type="stmt"/>
        <line num="750" count="80" type="cond" truecount="2" falsecount="0"/>
        <line num="751" count="3" type="stmt"/>
        <line num="753" count="80" type="stmt"/>
        <line num="757" count="28" type="stmt"/>
        <line num="763" count="2" type="stmt"/>
        <line num="765" count="2" type="stmt"/>
        <line num="767" count="4" type="cond" truecount="2" falsecount="0"/>
        <line num="768" count="2" type="stmt"/>
        <line num="769" count="2" type="stmt"/>
        <line num="777" count="2" type="stmt"/>
        <line num="779" count="10" type="stmt"/>
        <line num="780" count="10" type="cond" truecount="2" falsecount="0"/>
        <line num="781" count="8" type="stmt"/>
        <line num="782" count="8" type="stmt"/>
        <line num="786" count="10" type="stmt"/>
        <line num="787" count="28" type="cond" truecount="5" falsecount="0"/>
        <line num="788" count="9" type="stmt"/>
        <line num="789" count="9" type="stmt"/>
        <line num="794" count="10" type="cond" truecount="2" falsecount="0"/>
        <line num="795" count="8" type="stmt"/>
        <line num="797" count="2" type="stmt"/>
        <line num="804" count="2" type="stmt"/>
        <line num="805" count="8" type="stmt"/>
        <line num="806" count="8" type="stmt"/>
        <line num="807" count="8" type="stmt"/>
        <line num="808" count="8" type="stmt"/>
        <line num="809" count="8" type="stmt"/>
        <line num="810" count="8" type="stmt"/>
        <line num="811" count="8" type="stmt"/>
        <line num="812" count="8" type="stmt"/>
        <line num="813" count="8" type="stmt"/>
        <line num="819" count="2" type="stmt"/>
        <line num="820" count="673" type="stmt"/>
        <line num="821" count="673" type="stmt"/>
        <line num="824" count="2" type="stmt"/>
      </file>
    </package>
  </project>
</coverage>
