{"C:\\Users\\John8\\Desktop\\homework\\SoftwareTesting\\poker\\Poker\\app.js": {"path":"C:\\Users\\John8\\Desktop\\homework\\SoftwareTesting\\poker\\Poker\\app.js","statementMap":{"0":{"start":{"line":1,"column":14},"end":{"line":1,"column":32}},"1":{"start":{"line":2,"column":7},"end":{"line":2,"column":16}},"2":{"start":{"line":3,"column":10},"end":{"line":3,"column":43}},"3":{"start":{"line":4,"column":6},"end":{"line":4,"column":41}},"4":{"start":{"line":5,"column":18},"end":{"line":5,"column":44}},"5":{"start":{"line":6,"column":8},"end":{"line":6,"column":23}},"6":{"start":{"line":7,"column":9},"end":{"line":7,"column":41}},"7":{"start":{"line":8,"column":10},"end":{"line":8,"column":43}},"8":{"start":{"line":10,"column":0},"end":{"line":10,"column":48}},"9":{"start":{"line":11,"column":0},"end":{"line":11,"column":31}},"10":{"start":{"line":12,"column":0},"end":{"line":12,"column":27}},"11":{"start":{"line":13,"column":0},"end":{"line":13,"column":31}},"12":{"start":{"line":14,"column":0},"end":{"line":14,"column":30}},"13":{"start":{"line":15,"column":0},"end":{"line":15,"column":20}},"14":{"start":{"line":16,"column":0},"end":{"line":16,"column":47}},"15":{"start":{"line":17,"column":0},"end":{"line":17,"column":56}},"16":{"start":{"line":20,"column":0},"end":{"line":22,"column":1}},"17":{"start":{"line":21,"column":1},"end":{"line":21,"column":35}},"18":{"start":{"line":24,"column":14},"end":{"line":24,"column":16}},"19":{"start":{"line":25,"column":13},"end":{"line":25,"column":15}},"20":{"start":{"line":26,"column":19},"end":{"line":26,"column":21}},"21":{"start":{"line":28,"column":11},"end":{"line":28,"column":35}},"22":{"start":{"line":29,"column":0},"end":{"line":29,"column":20}},"23":{"start":{"line":30,"column":0},"end":{"line":30,"column":41}},"24":{"start":{"line":33,"column":0},"end":{"line":35,"column":3}},"25":{"start":{"line":34,"column":1},"end":{"line":34,"column":21}},"26":{"start":{"line":38,"column":0},"end":{"line":53,"column":3}},"27":{"start":{"line":39,"column":19},"end":{"line":39,"column":21}},"28":{"start":{"line":40,"column":1},"end":{"line":51,"column":2}},"29":{"start":{"line":42,"column":2},"end":{"line":50,"column":3}},"30":{"start":{"line":43,"column":3},"end":{"line":43,"column":29}},"31":{"start":{"line":44,"column":3},"end":{"line":44,"column":55}},"32":{"start":{"line":45,"column":3},"end":{"line":45,"column":59}},"33":{"start":{"line":46,"column":3},"end":{"line":46,"column":71}},"34":{"start":{"line":47,"column":3},"end":{"line":47,"column":87}},"35":{"start":{"line":48,"column":3},"end":{"line":48,"column":67}},"36":{"start":{"line":49,"column":3},"end":{"line":49,"column":71}},"37":{"start":{"line":52,"column":1},"end":{"line":52,"column":25}},"38":{"start":{"line":56,"column":0},"end":{"line":58,"column":3}},"39":{"start":{"line":57,"column":1},"end":{"line":57,"column":19}},"40":{"start":{"line":61,"column":0},"end":{"line":63,"column":3}},"41":{"start":{"line":62,"column":1},"end":{"line":62,"column":19}},"42":{"start":{"line":66,"column":0},"end":{"line":68,"column":3}},"43":{"start":{"line":67,"column":1},"end":{"line":67,"column":19}},"44":{"start":{"line":71,"column":0},"end":{"line":75,"column":3}},"45":{"start":{"line":72,"column":1},"end":{"line":74,"column":2}},"46":{"start":{"line":73,"column":2},"end":{"line":73,"column":61}},"47":{"start":{"line":77,"column":0},"end":{"line":402,"column":3}},"48":{"start":{"line":83,"column":1},"end":{"line":90,"column":4}},"49":{"start":{"line":84,"column":2},"end":{"line":89,"column":3}},"50":{"start":{"line":86,"column":3},"end":{"line":86,"column":37}},"51":{"start":{"line":88,"column":3},"end":{"line":88,"column":37}},"52":{"start":{"line":95,"column":1},"end":{"line":102,"column":4}},"53":{"start":{"line":96,"column":2},"end":{"line":101,"column":3}},"54":{"start":{"line":98,"column":3},"end":{"line":98,"column":54}},"55":{"start":{"line":100,"column":3},"end":{"line":100,"column":34}},"56":{"start":{"line":107,"column":1},"end":{"line":122,"column":4}},"57":{"start":{"line":109,"column":2},"end":{"line":121,"column":3}},"58":{"start":{"line":111,"column":3},"end":{"line":118,"column":4}},"59":{"start":{"line":113,"column":15},"end":{"line":113,"column":38}},"60":{"start":{"line":115,"column":18},"end":{"line":115,"column":51}},"61":{"start":{"line":117,"column":4},"end":{"line":117,"column":39}},"62":{"start":{"line":120,"column":3},"end":{"line":120,"column":29}},"63":{"start":{"line":128,"column":1},"end":{"line":140,"column":4}},"64":{"start":{"line":130,"column":2},"end":{"line":139,"column":3}},"65":{"start":{"line":132,"column":14},"end":{"line":132,"column":37}},"66":{"start":{"line":134,"column":17},"end":{"line":134,"column":50}},"67":{"start":{"line":136,"column":3},"end":{"line":136,"column":38}},"68":{"start":{"line":138,"column":3},"end":{"line":138,"column":75}},"69":{"start":{"line":147,"column":1},"end":{"line":174,"column":4}},"70":{"start":{"line":149,"column":2},"end":{"line":173,"column":3}},"71":{"start":{"line":150,"column":23},"end":{"line":150,"column":43}},"72":{"start":{"line":152,"column":3},"end":{"line":169,"column":4}},"73":{"start":{"line":153,"column":21},"end":{"line":153,"column":26}},"74":{"start":{"line":154,"column":4},"end":{"line":159,"column":5}},"75":{"start":{"line":155,"column":5},"end":{"line":158,"column":6}},"76":{"start":{"line":156,"column":6},"end":{"line":156,"column":24}},"77":{"start":{"line":157,"column":6},"end":{"line":157,"column":12}},"78":{"start":{"line":160,"column":4},"end":{"line":166,"column":5}},"79":{"start":{"line":162,"column":5},"end":{"line":162,"column":68}},"80":{"start":{"line":163,"column":5},"end":{"line":163,"column":102}},"81":{"start":{"line":165,"column":5},"end":{"line":165,"column":71}},"82":{"start":{"line":168,"column":4},"end":{"line":168,"column":78}},"83":{"start":{"line":172,"column":3},"end":{"line":172,"column":51}},"84":{"start":{"line":180,"column":1},"end":{"line":221,"column":4}},"85":{"start":{"line":181,"column":2},"end":{"line":220,"column":3}},"86":{"start":{"line":207,"column":3},"end":{"line":216,"column":4}},"87":{"start":{"line":208,"column":4},"end":{"line":208,"column":81}},"88":{"start":{"line":209,"column":8},"end":{"line":216,"column":4}},"89":{"start":{"line":210,"column":4},"end":{"line":210,"column":140}},"90":{"start":{"line":213,"column":4},"end":{"line":213,"column":36}},"91":{"start":{"line":215,"column":4},"end":{"line":215,"column":90}},"92":{"start":{"line":219,"column":3},"end":{"line":219,"column":36}},"93":{"start":{"line":227,"column":1},"end":{"line":234,"column":4}},"94":{"start":{"line":228,"column":2},"end":{"line":233,"column":3}},"95":{"start":{"line":230,"column":17},"end":{"line":230,"column":50}},"96":{"start":{"line":231,"column":3},"end":{"line":231,"column":58}},"97":{"start":{"line":232,"column":3},"end":{"line":232,"column":35}},"98":{"start":{"line":241,"column":1},"end":{"line":266,"column":4}},"99":{"start":{"line":242,"column":2},"end":{"line":265,"column":3}},"100":{"start":{"line":243,"column":17},"end":{"line":243,"column":50}},"101":{"start":{"line":244,"column":20},"end":{"line":244,"column":53}},"102":{"start":{"line":246,"column":3},"end":{"line":264,"column":4}},"103":{"start":{"line":251,"column":4},"end":{"line":263,"column":5}},"104":{"start":{"line":252,"column":5},"end":{"line":252,"column":37}},"105":{"start":{"line":253,"column":5},"end":{"line":259,"column":6}},"106":{"start":{"line":255,"column":6},"end":{"line":255,"column":47}},"107":{"start":{"line":258,"column":6},"end":{"line":258,"column":45}},"108":{"start":{"line":261,"column":5},"end":{"line":261,"column":61}},"109":{"start":{"line":262,"column":5},"end":{"line":262,"column":37}},"110":{"start":{"line":272,"column":1},"end":{"line":299,"column":4}},"111":{"start":{"line":273,"column":16},"end":{"line":273,"column":41}},"112":{"start":{"line":274,"column":19},"end":{"line":274,"column":52}},"113":{"start":{"line":275,"column":2},"end":{"line":275,"column":49}},"114":{"start":{"line":276,"column":2},"end":{"line":276,"column":41}},"115":{"start":{"line":277,"column":2},"end":{"line":277,"column":37}},"116":{"start":{"line":278,"column":2},"end":{"line":278,"column":64}},"117":{"start":{"line":279,"column":2},"end":{"line":279,"column":60}},"118":{"start":{"line":280,"column":2},"end":{"line":280,"column":49}},"119":{"start":{"line":281,"column":2},"end":{"line":281,"column":53}},"120":{"start":{"line":282,"column":2},"end":{"line":298,"column":3}},"121":{"start":{"line":283,"column":17},"end":{"line":283,"column":50}},"122":{"start":{"line":284,"column":20},"end":{"line":284,"column":53}},"123":{"start":{"line":289,"column":3},"end":{"line":297,"column":4}},"124":{"start":{"line":295,"column":4},"end":{"line":295,"column":36}},"125":{"start":{"line":296,"column":4},"end":{"line":296,"column":36}},"126":{"start":{"line":305,"column":1},"end":{"line":316,"column":4}},"127":{"start":{"line":306,"column":2},"end":{"line":315,"column":3}},"128":{"start":{"line":307,"column":17},"end":{"line":307,"column":50}},"129":{"start":{"line":308,"column":20},"end":{"line":308,"column":53}},"130":{"start":{"line":310,"column":3},"end":{"line":314,"column":4}},"131":{"start":{"line":312,"column":4},"end":{"line":312,"column":36}},"132":{"start":{"line":313,"column":4},"end":{"line":313,"column":35}},"133":{"start":{"line":322,"column":1},"end":{"line":333,"column":4}},"134":{"start":{"line":323,"column":2},"end":{"line":332,"column":3}},"135":{"start":{"line":324,"column":17},"end":{"line":324,"column":50}},"136":{"start":{"line":325,"column":20},"end":{"line":325,"column":53}},"137":{"start":{"line":327,"column":3},"end":{"line":331,"column":4}},"138":{"start":{"line":329,"column":4},"end":{"line":329,"column":36}},"139":{"start":{"line":330,"column":4},"end":{"line":330,"column":35}},"140":{"start":{"line":340,"column":1},"end":{"line":355,"column":4}},"141":{"start":{"line":341,"column":2},"end":{"line":354,"column":3}},"142":{"start":{"line":342,"column":17},"end":{"line":342,"column":50}},"143":{"start":{"line":343,"column":20},"end":{"line":343,"column":53}},"144":{"start":{"line":345,"column":3},"end":{"line":353,"column":4}},"145":{"start":{"line":347,"column":4},"end":{"line":347,"column":32}},"146":{"start":{"line":348,"column":4},"end":{"line":352,"column":5}},"147":{"start":{"line":350,"column":5},"end":{"line":350,"column":37}},"148":{"start":{"line":351,"column":5},"end":{"line":351,"column":44}},"149":{"start":{"line":361,"column":1},"end":{"line":390,"column":4}},"150":{"start":{"line":362,"column":2},"end":{"line":389,"column":3}},"151":{"start":{"line":363,"column":17},"end":{"line":363,"column":50}},"152":{"start":{"line":364,"column":20},"end":{"line":364,"column":53}},"153":{"start":{"line":366,"column":3},"end":{"line":388,"column":4}},"154":{"start":{"line":378,"column":4},"end":{"line":378,"column":32}},"155":{"start":{"line":379,"column":4},"end":{"line":387,"column":5}},"156":{"start":{"line":380,"column":5},"end":{"line":380,"column":60}},"157":{"start":{"line":381,"column":5},"end":{"line":386,"column":6}},"158":{"start":{"line":383,"column":6},"end":{"line":383,"column":38}},"159":{"start":{"line":385,"column":6},"end":{"line":385,"column":45}},"160":{"start":{"line":396,"column":1},"end":{"line":401,"column":4}},"161":{"start":{"line":397,"column":2},"end":{"line":397,"column":27}},"162":{"start":{"line":398,"column":2},"end":{"line":400,"column":3}},"163":{"start":{"line":399,"column":3},"end":{"line":399,"column":168}},"164":{"start":{"line":410,"column":19},"end":{"line":414,"column":1}},"165":{"start":{"line":411,"column":1},"end":{"line":413,"column":2}},"166":{"start":{"line":412,"column":2},"end":{"line":412,"column":67}},"167":{"start":{"line":421,"column":4},"end":{"line":421,"column":114}},"168":{"start":{"line":424,"column":0},"end":{"line":424,"column":96}},"169":{"start":{"line":425,"column":0},"end":{"line":425,"column":94}},"170":{"start":{"line":426,"column":0},"end":{"line":426,"column":95}},"171":{"start":{"line":427,"column":0},"end":{"line":427,"column":105}},"172":{"start":{"line":429,"column":0},"end":{"line":429,"column":54}}},"fnMap":{"0":{"name":"(anonymous_0)","decl":{"start":{"line":33,"column":13},"end":{"line":33,"column":14}},"loc":{"start":{"line":33,"column":34},"end":{"line":35,"column":1}},"line":33},"1":{"name":"(anonymous_1)","decl":{"start":{"line":38,"column":23},"end":{"line":38,"column":24}},"loc":{"start":{"line":38,"column":44},"end":{"line":53,"column":1}},"line":38},"2":{"name":"(anonymous_2)","decl":{"start":{"line":56,"column":30},"end":{"line":56,"column":31}},"loc":{"start":{"line":56,"column":51},"end":{"line":58,"column":1}},"line":56},"3":{"name":"(anonymous_3)","decl":{"start":{"line":61,"column":29},"end":{"line":61,"column":30}},"loc":{"start":{"line":61,"column":50},"end":{"line":63,"column":1}},"line":61},"4":{"name":"(anonymous_4)","decl":{"start":{"line":66,"column":29},"end":{"line":66,"column":30}},"loc":{"start":{"line":66,"column":50},"end":{"line":68,"column":1}},"line":66},"5":{"name":"(anonymous_5)","decl":{"start":{"line":71,"column":32},"end":{"line":71,"column":33}},"loc":{"start":{"line":71,"column":53},"end":{"line":75,"column":1}},"line":71},"6":{"name":"(anonymous_6)","decl":{"start":{"line":77,"column":28},"end":{"line":77,"column":29}},"loc":{"start":{"line":77,"column":47},"end":{"line":402,"column":1}},"line":77},"7":{"name":"(anonymous_7)","decl":{"start":{"line":83,"column":24},"end":{"line":83,"column":25}},"loc":{"start":{"line":83,"column":44},"end":{"line":90,"column":2}},"line":83},"8":{"name":"(anonymous_8)","decl":{"start":{"line":95,"column":24},"end":{"line":95,"column":25}},"loc":{"start":{"line":95,"column":35},"end":{"line":102,"column":2}},"line":95},"9":{"name":"(anonymous_9)","decl":{"start":{"line":107,"column":25},"end":{"line":107,"column":26}},"loc":{"start":{"line":107,"column":36},"end":{"line":122,"column":2}},"line":107},"10":{"name":"(anonymous_10)","decl":{"start":{"line":128,"column":25},"end":{"line":128,"column":26}},"loc":{"start":{"line":128,"column":46},"end":{"line":140,"column":2}},"line":128},"11":{"name":"(anonymous_11)","decl":{"start":{"line":147,"column":23},"end":{"line":147,"column":24}},"loc":{"start":{"line":147,"column":59},"end":{"line":174,"column":2}},"line":147},"12":{"name":"(anonymous_12)","decl":{"start":{"line":180,"column":28},"end":{"line":180,"column":29}},"loc":{"start":{"line":180,"column":55},"end":{"line":221,"column":2}},"line":180},"13":{"name":"(anonymous_13)","decl":{"start":{"line":227,"column":20},"end":{"line":227,"column":21}},"loc":{"start":{"line":227,"column":41},"end":{"line":234,"column":2}},"line":227},"14":{"name":"(anonymous_14)","decl":{"start":{"line":241,"column":24},"end":{"line":241,"column":25}},"loc":{"start":{"line":241,"column":58},"end":{"line":266,"column":2}},"line":241},"15":{"name":"(anonymous_15)","decl":{"start":{"line":272,"column":20},"end":{"line":272,"column":21}},"loc":{"start":{"line":272,"column":40},"end":{"line":299,"column":2}},"line":272},"16":{"name":"(anonymous_16)","decl":{"start":{"line":305,"column":19},"end":{"line":305,"column":20}},"loc":{"start":{"line":305,"column":39},"end":{"line":316,"column":2}},"line":305},"17":{"name":"(anonymous_17)","decl":{"start":{"line":322,"column":19},"end":{"line":322,"column":20}},"loc":{"start":{"line":322,"column":39},"end":{"line":333,"column":2}},"line":322},"18":{"name":"(anonymous_18)","decl":{"start":{"line":340,"column":18},"end":{"line":340,"column":19}},"loc":{"start":{"line":340,"column":46},"end":{"line":355,"column":2}},"line":340},"19":{"name":"(anonymous_19)","decl":{"start":{"line":361,"column":20},"end":{"line":361,"column":21}},"loc":{"start":{"line":361,"column":48},"end":{"line":390,"column":2}},"line":361},"20":{"name":"(anonymous_20)","decl":{"start":{"line":396,"column":26},"end":{"line":396,"column":27}},"loc":{"start":{"line":396,"column":46},"end":{"line":401,"column":2}},"line":396},"21":{"name":"(anonymous_21)","decl":{"start":{"line":410,"column":19},"end":{"line":410,"column":20}},"loc":{"start":{"line":410,"column":39},"end":{"line":414,"column":1}},"line":410},"22":{"name":"(anonymous_22)","decl":{"start":{"line":411,"column":8},"end":{"line":411,"column":9}},"loc":{"start":{"line":411,"column":42},"end":{"line":413,"column":2}},"line":411},"23":{"name":"htmlEntities","decl":{"start":{"line":420,"column":9},"end":{"line":420,"column":21}},"loc":{"start":{"line":420,"column":27},"end":{"line":422,"column":1}},"line":420}},"branchMap":{"0":{"loc":{"start":{"line":20,"column":0},"end":{"line":22,"column":1}},"type":"if","locations":[{"start":{"line":20,"column":0},"end":{"line":22,"column":1}},{"start":{},"end":{}}],"line":20},"1":{"loc":{"start":{"line":28,"column":11},"end":{"line":28,"column":35}},"type":"binary-expr","locations":[{"start":{"line":28,"column":11},"end":{"line":28,"column":27}},{"start":{"line":28,"column":31},"end":{"line":28,"column":35}}],"line":28},"2":{"loc":{"start":{"line":42,"column":2},"end":{"line":50,"column":3}},"type":"if","locations":[{"start":{"line":42,"column":2},"end":{"line":50,"column":3}},{"start":{},"end":{}}],"line":42},"3":{"loc":{"start":{"line":72,"column":1},"end":{"line":74,"column":2}},"type":"if","locations":[{"start":{"line":72,"column":1},"end":{"line":74,"column":2}},{"start":{},"end":{}}],"line":72},"4":{"loc":{"start":{"line":72,"column":5},"end":{"line":72,"column":99}},"type":"binary-expr","locations":[{"start":{"line":72,"column":5},"end":{"line":72,"column":46}},{"start":{"line":72,"column":50},"end":{"line":72,"column":99}}],"line":72},"5":{"loc":{"start":{"line":84,"column":2},"end":{"line":89,"column":3}},"type":"if","locations":[{"start":{"line":84,"column":2},"end":{"line":89,"column":3}},{"start":{},"end":{}}],"line":84},"6":{"loc":{"start":{"line":84,"column":6},"end":{"line":84,"column":83}},"type":"binary-expr","locations":[{"start":{"line":84,"column":6},"end":{"line":84,"column":47}},{"start":{"line":84,"column":51},"end":{"line":84,"column":83}}],"line":84},"7":{"loc":{"start":{"line":96,"column":2},"end":{"line":101,"column":3}},"type":"if","locations":[{"start":{"line":96,"column":2},"end":{"line":101,"column":3}},{"start":{},"end":{}}],"line":96},"8":{"loc":{"start":{"line":96,"column":6},"end":{"line":96,"column":130}},"type":"binary-expr","locations":[{"start":{"line":96,"column":6},"end":{"line":96,"column":47}},{"start":{"line":96,"column":51},"end":{"line":96,"column":83}},{"start":{"line":96,"column":87},"end":{"line":96,"column":130}}],"line":96},"9":{"loc":{"start":{"line":109,"column":2},"end":{"line":121,"column":3}},"type":"if","locations":[{"start":{"line":109,"column":2},"end":{"line":121,"column":3}},{"start":{},"end":{}}],"line":109},"10":{"loc":{"start":{"line":111,"column":3},"end":{"line":118,"column":4}},"type":"if","locations":[{"start":{"line":111,"column":3},"end":{"line":118,"column":4}},{"start":{},"end":{}}],"line":111},"11":{"loc":{"start":{"line":111,"column":7},"end":{"line":111,"column":118}},"type":"binary-expr","locations":[{"start":{"line":111,"column":7},"end":{"line":111,"column":50}},{"start":{"line":111,"column":54},"end":{"line":111,"column":118}}],"line":111},"12":{"loc":{"start":{"line":130,"column":2},"end":{"line":139,"column":3}},"type":"if","locations":[{"start":{"line":130,"column":2},"end":{"line":139,"column":3}},{"start":{},"end":{}}],"line":130},"13":{"loc":{"start":{"line":130,"column":6},"end":{"line":130,"column":104}},"type":"binary-expr","locations":[{"start":{"line":130,"column":6},"end":{"line":130,"column":49}},{"start":{"line":130,"column":53},"end":{"line":130,"column":104}}],"line":130},"14":{"loc":{"start":{"line":149,"column":2},"end":{"line":173,"column":3}},"type":"if","locations":[{"start":{"line":149,"column":2},"end":{"line":173,"column":3}},{"start":{"line":170,"column":9},"end":{"line":173,"column":3}}],"line":149},"15":{"loc":{"start":{"line":152,"column":3},"end":{"line":169,"column":4}},"type":"if","locations":[{"start":{"line":152,"column":3},"end":{"line":169,"column":4}},{"start":{"line":167,"column":10},"end":{"line":169,"column":4}}],"line":152},"16":{"loc":{"start":{"line":152,"column":7},"end":{"line":152,"column":65}},"type":"binary-expr","locations":[{"start":{"line":152,"column":7},"end":{"line":152,"column":20}},{"start":{"line":152,"column":24},"end":{"line":152,"column":65}}],"line":152},"17":{"loc":{"start":{"line":155,"column":5},"end":{"line":158,"column":6}},"type":"if","locations":[{"start":{"line":155,"column":5},"end":{"line":158,"column":6}},{"start":{},"end":{}}],"line":155},"18":{"loc":{"start":{"line":155,"column":9},"end":{"line":155,"column":74}},"type":"binary-expr","locations":[{"start":{"line":155,"column":9},"end":{"line":155,"column":31}},{"start":{"line":155,"column":35},"end":{"line":155,"column":74}}],"line":155},"19":{"loc":{"start":{"line":160,"column":4},"end":{"line":166,"column":5}},"type":"if","locations":[{"start":{"line":160,"column":4},"end":{"line":166,"column":5}},{"start":{"line":164,"column":11},"end":{"line":166,"column":5}}],"line":160},"20":{"loc":{"start":{"line":181,"column":2},"end":{"line":220,"column":3}},"type":"if","locations":[{"start":{"line":181,"column":2},"end":{"line":220,"column":3}},{"start":{"line":217,"column":9},"end":{"line":220,"column":3}}],"line":181},"21":{"loc":{"start":{"line":183,"column":3},"end":{"line":204,"column":26}},"type":"binary-expr","locations":[{"start":{"line":183,"column":3},"end":{"line":183,"column":35}},{"start":{"line":185,"column":6},"end":{"line":185,"column":41}},{"start":{"line":187,"column":6},"end":{"line":187,"column":49}},{"start":{"line":189,"column":6},"end":{"line":189,"column":35}},{"start":{"line":190,"column":6},"end":{"line":190,"column":20}},{"start":{"line":191,"column":6},"end":{"line":191,"column":56}},{"start":{"line":192,"column":6},"end":{"line":192,"column":47}},{"start":{"line":194,"column":6},"end":{"line":194,"column":51}},{"start":{"line":196,"column":6},"end":{"line":196,"column":49}},{"start":{"line":198,"column":6},"end":{"line":198,"column":46}},{"start":{"line":200,"column":6},"end":{"line":200,"column":39}},{"start":{"line":201,"column":6},"end":{"line":201,"column":34}},{"start":{"line":202,"column":6},"end":{"line":202,"column":26}},{"start":{"line":204,"column":6},"end":{"line":204,"column":26}}],"line":183},"22":{"loc":{"start":{"line":207,"column":3},"end":{"line":216,"column":4}},"type":"if","locations":[{"start":{"line":207,"column":3},"end":{"line":216,"column":4}},{"start":{"line":209,"column":8},"end":{"line":216,"column":4}}],"line":207},"23":{"loc":{"start":{"line":209,"column":8},"end":{"line":216,"column":4}},"type":"if","locations":[{"start":{"line":209,"column":8},"end":{"line":216,"column":4}},{"start":{"line":211,"column":8},"end":{"line":216,"column":4}}],"line":209},"24":{"loc":{"start":{"line":209,"column":12},"end":{"line":209,"column":114}},"type":"binary-expr","locations":[{"start":{"line":209,"column":12},"end":{"line":209,"column":61}},{"start":{"line":209,"column":65},"end":{"line":209,"column":114}}],"line":209},"25":{"loc":{"start":{"line":228,"column":2},"end":{"line":233,"column":3}},"type":"if","locations":[{"start":{"line":228,"column":2},"end":{"line":233,"column":3}},{"start":{},"end":{}}],"line":228},"26":{"loc":{"start":{"line":228,"column":6},"end":{"line":228,"column":125}},"type":"binary-expr","locations":[{"start":{"line":228,"column":6},"end":{"line":228,"column":49}},{"start":{"line":228,"column":53},"end":{"line":228,"column":85}},{"start":{"line":228,"column":89},"end":{"line":228,"column":125}}],"line":228},"27":{"loc":{"start":{"line":242,"column":2},"end":{"line":265,"column":3}},"type":"if","locations":[{"start":{"line":242,"column":2},"end":{"line":265,"column":3}},{"start":{},"end":{}}],"line":242},"28":{"loc":{"start":{"line":246,"column":3},"end":{"line":264,"column":4}},"type":"if","locations":[{"start":{"line":246,"column":3},"end":{"line":264,"column":4}},{"start":{},"end":{}}],"line":246},"29":{"loc":{"start":{"line":246,"column":7},"end":{"line":249,"column":103}},"type":"binary-expr","locations":[{"start":{"line":246,"column":7},"end":{"line":246,"column":22}},{"start":{"line":247,"column":7},"end":{"line":247,"column":70}},{"start":{"line":248,"column":7},"end":{"line":248,"column":64}},{"start":{"line":249,"column":9},"end":{"line":249,"column":54}},{"start":{"line":249,"column":58},"end":{"line":249,"column":101}}],"line":246},"30":{"loc":{"start":{"line":251,"column":4},"end":{"line":263,"column":5}},"type":"if","locations":[{"start":{"line":251,"column":4},"end":{"line":263,"column":5}},{"start":{"line":260,"column":11},"end":{"line":263,"column":5}}],"line":251},"31":{"loc":{"start":{"line":253,"column":5},"end":{"line":259,"column":6}},"type":"if","locations":[{"start":{"line":253,"column":5},"end":{"line":259,"column":6}},{"start":{"line":256,"column":12},"end":{"line":259,"column":6}}],"line":253},"32":{"loc":{"start":{"line":282,"column":2},"end":{"line":298,"column":3}},"type":"if","locations":[{"start":{"line":282,"column":2},"end":{"line":298,"column":3}},{"start":{},"end":{}}],"line":282},"33":{"loc":{"start":{"line":289,"column":3},"end":{"line":297,"column":4}},"type":"if","locations":[{"start":{"line":289,"column":3},"end":{"line":297,"column":4}},{"start":{},"end":{}}],"line":289},"34":{"loc":{"start":{"line":289,"column":7},"end":{"line":292,"column":83}},"type":"binary-expr","locations":[{"start":{"line":289,"column":7},"end":{"line":289,"column":22}},{"start":{"line":290,"column":7},"end":{"line":290,"column":64}},{"start":{"line":291,"column":7},"end":{"line":291,"column":41}},{"start":{"line":291,"column":47},"end":{"line":291,"column":89}},{"start":{"line":291,"column":93},"end":{"line":291,"column":160}},{"start":{"line":292,"column":7},"end":{"line":292,"column":83}}],"line":289},"35":{"loc":{"start":{"line":306,"column":2},"end":{"line":315,"column":3}},"type":"if","locations":[{"start":{"line":306,"column":2},"end":{"line":315,"column":3}},{"start":{},"end":{}}],"line":306},"36":{"loc":{"start":{"line":310,"column":3},"end":{"line":314,"column":4}},"type":"if","locations":[{"start":{"line":310,"column":3},"end":{"line":314,"column":4}},{"start":{},"end":{}}],"line":310},"37":{"loc":{"start":{"line":310,"column":7},"end":{"line":310,"column":163}},"type":"binary-expr","locations":[{"start":{"line":310,"column":7},"end":{"line":310,"column":22}},{"start":{"line":310,"column":26},"end":{"line":310,"column":83}},{"start":{"line":310,"column":87},"end":{"line":310,"column":163}}],"line":310},"38":{"loc":{"start":{"line":323,"column":2},"end":{"line":332,"column":3}},"type":"if","locations":[{"start":{"line":323,"column":2},"end":{"line":332,"column":3}},{"start":{},"end":{}}],"line":323},"39":{"loc":{"start":{"line":327,"column":3},"end":{"line":331,"column":4}},"type":"if","locations":[{"start":{"line":327,"column":3},"end":{"line":331,"column":4}},{"start":{},"end":{}}],"line":327},"40":{"loc":{"start":{"line":327,"column":7},"end":{"line":327,"column":200}},"type":"binary-expr","locations":[{"start":{"line":327,"column":7},"end":{"line":327,"column":22}},{"start":{"line":327,"column":26},"end":{"line":327,"column":83}},{"start":{"line":327,"column":87},"end":{"line":327,"column":120}},{"start":{"line":327,"column":124},"end":{"line":327,"column":200}}],"line":327},"41":{"loc":{"start":{"line":341,"column":2},"end":{"line":354,"column":3}},"type":"if","locations":[{"start":{"line":341,"column":2},"end":{"line":354,"column":3}},{"start":{},"end":{}}],"line":341},"42":{"loc":{"start":{"line":345,"column":3},"end":{"line":353,"column":4}},"type":"if","locations":[{"start":{"line":345,"column":3},"end":{"line":353,"column":4}},{"start":{},"end":{}}],"line":345},"43":{"loc":{"start":{"line":345,"column":7},"end":{"line":345,"column":201}},"type":"binary-expr","locations":[{"start":{"line":345,"column":7},"end":{"line":345,"column":22}},{"start":{"line":345,"column":26},"end":{"line":345,"column":83}},{"start":{"line":345,"column":87},"end":{"line":345,"column":121}},{"start":{"line":345,"column":125},"end":{"line":345,"column":201}}],"line":345},"44":{"loc":{"start":{"line":348,"column":4},"end":{"line":352,"column":5}},"type":"if","locations":[{"start":{"line":348,"column":4},"end":{"line":352,"column":5}},{"start":{},"end":{}}],"line":348},"45":{"loc":{"start":{"line":348,"column":9},"end":{"line":348,"column":103}},"type":"binary-expr","locations":[{"start":{"line":348,"column":9},"end":{"line":348,"column":15}},{"start":{"line":348,"column":19},"end":{"line":348,"column":37}},{"start":{"line":348,"column":41},"end":{"line":348,"column":103}}],"line":348},"46":{"loc":{"start":{"line":362,"column":2},"end":{"line":389,"column":3}},"type":"if","locations":[{"start":{"line":362,"column":2},"end":{"line":389,"column":3}},{"start":{},"end":{}}],"line":362},"47":{"loc":{"start":{"line":366,"column":3},"end":{"line":388,"column":4}},"type":"if","locations":[{"start":{"line":366,"column":3},"end":{"line":388,"column":4}},{"start":{},"end":{}}],"line":366},"48":{"loc":{"start":{"line":368,"column":4},"end":{"line":376,"column":46}},"type":"binary-expr","locations":[{"start":{"line":368,"column":4},"end":{"line":368,"column":42}},{"start":{"line":370,"column":7},"end":{"line":370,"column":64}},{"start":{"line":372,"column":7},"end":{"line":372,"column":40}},{"start":{"line":374,"column":7},"end":{"line":374,"column":83}},{"start":{"line":376,"column":7},"end":{"line":376,"column":46}}],"line":368},"49":{"loc":{"start":{"line":379,"column":4},"end":{"line":387,"column":5}},"type":"if","locations":[{"start":{"line":379,"column":4},"end":{"line":387,"column":5}},{"start":{},"end":{}}],"line":379},"50":{"loc":{"start":{"line":379,"column":9},"end":{"line":379,"column":37}},"type":"binary-expr","locations":[{"start":{"line":379,"column":9},"end":{"line":379,"column":15}},{"start":{"line":379,"column":19},"end":{"line":379,"column":37}}],"line":379},"51":{"loc":{"start":{"line":381,"column":5},"end":{"line":386,"column":6}},"type":"if","locations":[{"start":{"line":381,"column":5},"end":{"line":386,"column":6}},{"start":{},"end":{}}],"line":381},"52":{"loc":{"start":{"line":398,"column":2},"end":{"line":400,"column":3}},"type":"if","locations":[{"start":{"line":398,"column":2},"end":{"line":400,"column":3}},{"start":{},"end":{}}],"line":398},"53":{"loc":{"start":{"line":398,"column":6},"end":{"line":398,"column":40}},"type":"binary-expr","locations":[{"start":{"line":398,"column":6},"end":{"line":398,"column":13}},{"start":{"line":398,"column":17},"end":{"line":398,"column":40}}],"line":398}},"s":{"0":1,"1":1,"2":1,"3":1,"4":1,"5":1,"6":1,"7":1,"8":1,"9":1,"10":1,"11":1,"12":1,"13":1,"14":1,"15":1,"16":1,"17":0,"18":1,"19":1,"20":1,"21":1,"22":1,"23":1,"24":1,"25":0,"26":1,"27":0,"28":0,"29":0,"30":0,"31":0,"32":0,"33":0,"34":0,"35":0,"36":0,"37":0,"38":1,"39":0,"40":1,"41":0,"42":1,"43":0,"44":1,"45":0,"46":0,"47":1,"48":1,"49":0,"50":0,"51":0,"52":1,"53":0,"54":0,"55":0,"56":1,"57":0,"58":0,"59":0,"60":0,"61":0,"62":0,"63":1,"64":0,"65":0,"66":0,"67":0,"68":0,"69":1,"70":2,"71":2,"72":2,"73":1,"74":1,"75":4,"76":0,"77":0,"78":1,"79":1,"80":1,"81":0,"82":1,"83":0,"84":1,"85":0,"86":0,"87":0,"88":0,"89":0,"90":0,"91":0,"92":0,"93":1,"94":0,"95":0,"96":0,"97":0,"98":1,"99":0,"100":0,"101":0,"102":0,"103":0,"104":0,"105":0,"106":0,"107":0,"108":0,"109":0,"110":1,"111":0,"112":0,"113":0,"114":0,"115":0,"116":0,"117":0,"118":0,"119":0,"120":0,"121":0,"122":0,"123":0,"124":0,"125":0,"126":1,"127":0,"128":0,"129":0,"130":0,"131":0,"132":0,"133":1,"134":0,"135":0,"136":0,"137":0,"138":0,"139":0,"140":1,"141":0,"142":0,"143":0,"144":0,"145":0,"146":0,"147":0,"148":0,"149":1,"150":0,"151":0,"152":0,"153":0,"154":0,"155":0,"156":0,"157":0,"158":0,"159":0,"160":1,"161":0,"162":0,"163":0,"164":1,"165":4,"166":0,"167":0,"168":1,"169":1,"170":1,"171":1,"172":1},"f":{"0":0,"1":0,"2":0,"3":0,"4":0,"5":0,"6":1,"7":0,"8":0,"9":0,"10":0,"11":2,"12":0,"13":0,"14":0,"15":0,"16":0,"17":0,"18":0,"19":0,"20":0,"21":4,"22":0,"23":0},"b":{"0":[0,1],"1":[1,1],"2":[0,0],"3":[0,0],"4":[0,0],"5":[0,0],"6":[0,0],"7":[0,0],"8":[0,0,0],"9":[0,0],"10":[0,0],"11":[0,0],"12":[0,0],"13":[0,0],"14":[2,0],"15":[1,1],"16":[2,1],"17":[0,4],"18":[4,4],"19":[1,0],"20":[0,0],"21":[0,0,0,0,0,0,0,0,0,0,0,0,0,0],"22":[0,0],"23":[0,0],"24":[0,0],"25":[0,0],"26":[0,0,0],"27":[0,0],"28":[0,0],"29":[0,0,0,0,0],"30":[0,0],"31":[0,0],"32":[0,0],"33":[0,0],"34":[0,0,0,0,0,0],"35":[0,0],"36":[0,0],"37":[0,0,0],"38":[0,0],"39":[0,0],"40":[0,0,0,0],"41":[0,0],"42":[0,0],"43":[0,0,0,0],"44":[0,0],"45":[0,0,0],"46":[0,0],"47":[0,0],"48":[0,0,0,0,0],"49":[0,0],"50":[0,0],"51":[0,0],"52":[0,0],"53":[0,0]},"_coverageSchema":"1a1c01bbd47fc00a2c39e90264f33305004495a9","hash":"b719c0bf127e70d96dfbc5e05adf3aa17f7ad531"}
,"C:\\Users\\John8\\Desktop\\homework\\SoftwareTesting\\poker\\Poker\\poker_modules\\deck.js": {"path":"C:\\Users\\John8\\Desktop\\homework\\SoftwareTesting\\poker\\Poker\\poker_modules\\deck.js","statementMap":{"0":{"start":{"line":4,"column":11},"end":{"line":19,"column":1}},"1":{"start":{"line":5,"column":1},"end":{"line":5,"column":19}},"2":{"start":{"line":6,"column":2},"end":{"line":18,"column":40}},"3":{"start":{"line":22,"column":0},"end":{"line":32,"column":2}},"4":{"start":{"line":24,"column":2},"end":{"line":24,"column":20}},"5":{"start":{"line":25,"column":21},"end":{"line":25,"column":23}},"6":{"start":{"line":27,"column":2},"end":{"line":30,"column":3}},"7":{"start":{"line":27,"column":13},"end":{"line":27,"column":14}},"8":{"start":{"line":28,"column":24},"end":{"line":28,"column":95}},"9":{"start":{"line":29,"column":6},"end":{"line":29,"column":56}},"10":{"start":{"line":31,"column":2},"end":{"line":31,"column":28}},"11":{"start":{"line":35,"column":0},"end":{"line":42,"column":2}},"12":{"start":{"line":36,"column":19},"end":{"line":36,"column":21}},"13":{"start":{"line":37,"column":2},"end":{"line":40,"column":3}},"14":{"start":{"line":37,"column":13},"end":{"line":37,"column":14}},"15":{"start":{"line":38,"column":4},"end":{"line":38,"column":49}},"16":{"start":{"line":39,"column":4},"end":{"line":39,"column":20}},"17":{"start":{"line":41,"column":2},"end":{"line":41,"column":20}},"18":{"start":{"line":44,"column":0},"end":{"line":44,"column":22}}},"fnMap":{"0":{"name":"(anonymous_0)","decl":{"start":{"line":4,"column":11},"end":{"line":4,"column":12}},"loc":{"start":{"line":4,"column":22},"end":{"line":19,"column":1}},"line":4},"1":{"name":"(anonymous_1)","decl":{"start":{"line":22,"column":25},"end":{"line":22,"column":26}},"loc":{"start":{"line":22,"column":35},"end":{"line":32,"column":1}},"line":22},"2":{"name":"(anonymous_2)","decl":{"start":{"line":35,"column":22},"end":{"line":35,"column":23}},"loc":{"start":{"line":35,"column":48},"end":{"line":42,"column":1}},"line":35}},"branchMap":{"0":{"loc":{"start":{"line":37,"column":17},"end":{"line":37,"column":52}},"type":"binary-expr","locations":[{"start":{"line":37,"column":17},"end":{"line":37,"column":32}},{"start":{"line":37,"column":36},"end":{"line":37,"column":52}}],"line":37}},"s":{"0":4,"1":11,"2":11,"3":4,"4":6,"5":6,"6":6,"7":6,"8":312,"9":312,"10":6,"11":4,"12":3,"13":3,"14":3,"15":13,"16":13,"17":3,"18":4},"f":{"0":11,"1":6,"2":3},"b":{"0":[16,13]},"_coverageSchema":"1a1c01bbd47fc00a2c39e90264f33305004495a9","hash":"f8d47ee8c5419d2b9c6dabd211f139cb5ea576c3"}
,"C:\\Users\\John8\\Desktop\\homework\\SoftwareTesting\\poker\\Poker\\poker_modules\\player.js": {"path":"C:\\Users\\John8\\Desktop\\homework\\SoftwareTesting\\poker\\Poker\\poker_modules\\player.js","statementMap":{"0":{"start":{"line":8,"column":13},"end":{"line":39,"column":1}},"1":{"start":{"line":9,"column":1},"end":{"line":24,"column":3}},"2":{"start":{"line":26,"column":1},"end":{"line":26,"column":22}},"3":{"start":{"line":28,"column":1},"end":{"line":28,"column":20}},"4":{"start":{"line":30,"column":1},"end":{"line":30,"column":18}},"5":{"start":{"line":32,"column":1},"end":{"line":32,"column":29}},"6":{"start":{"line":34,"column":1},"end":{"line":34,"column":18}},"7":{"start":{"line":36,"column":1},"end":{"line":36,"column":17}},"8":{"start":{"line":38,"column":1},"end":{"line":38,"column":25}},"9":{"start":{"line":44,"column":0},"end":{"line":54,"column":1}},"10":{"start":{"line":45,"column":1},"end":{"line":53,"column":2}},"11":{"start":{"line":46,"column":2},"end":{"line":46,"column":16}},"12":{"start":{"line":48,"column":2},"end":{"line":48,"column":40}},"13":{"start":{"line":49,"column":2},"end":{"line":49,"column":30}},"14":{"start":{"line":51,"column":2},"end":{"line":51,"column":30}},"15":{"start":{"line":52,"column":2},"end":{"line":52,"column":19}},"16":{"start":{"line":62,"column":0},"end":{"line":70,"column":1}},"17":{"start":{"line":64,"column":4},"end":{"line":64,"column":28}},"18":{"start":{"line":65,"column":4},"end":{"line":65,"column":24}},"19":{"start":{"line":66,"column":4},"end":{"line":66,"column":36}},"20":{"start":{"line":68,"column":4},"end":{"line":68,"column":21}},"21":{"start":{"line":69,"column":4},"end":{"line":69,"column":34}},"22":{"start":{"line":75,"column":0},"end":{"line":80,"column":1}},"23":{"start":{"line":76,"column":1},"end":{"line":79,"column":2}},"24":{"start":{"line":77,"column":2},"end":{"line":77,"column":32}},"25":{"start":{"line":78,"column":2},"end":{"line":78,"column":29}},"26":{"start":{"line":85,"column":0},"end":{"line":90,"column":1}},"27":{"start":{"line":87,"column":1},"end":{"line":87,"column":17}},"28":{"start":{"line":88,"column":1},"end":{"line":88,"column":30}},"29":{"start":{"line":89,"column":4},"end":{"line":89,"column":31}},"30":{"start":{"line":96,"column":0},"end":{"line":103,"column":1}},"31":{"start":{"line":97,"column":4},"end":{"line":97,"column":30}},"32":{"start":{"line":98,"column":4},"end":{"line":100,"column":5}},"33":{"start":{"line":99,"column":8},"end":{"line":99,"column":41}},"34":{"start":{"line":101,"column":4},"end":{"line":101,"column":38}},"35":{"start":{"line":102,"column":4},"end":{"line":102,"column":31}},"36":{"start":{"line":109,"column":0},"end":{"line":116,"column":1}},"37":{"start":{"line":110,"column":4},"end":{"line":110,"column":30}},"38":{"start":{"line":111,"column":4},"end":{"line":113,"column":5}},"39":{"start":{"line":112,"column":8},"end":{"line":112,"column":41}},"40":{"start":{"line":114,"column":4},"end":{"line":114,"column":38}},"41":{"start":{"line":115,"column":4},"end":{"line":115,"column":31}},"42":{"start":{"line":121,"column":0},"end":{"line":128,"column":1}},"43":{"start":{"line":122,"column":4},"end":{"line":122,"column":20}},"44":{"start":{"line":123,"column":4},"end":{"line":123,"column":27}},"45":{"start":{"line":124,"column":4},"end":{"line":124,"column":33}},"46":{"start":{"line":125,"column":4},"end":{"line":125,"column":24}},"47":{"start":{"line":126,"column":4},"end":{"line":126,"column":30}},"48":{"start":{"line":127,"column":4},"end":{"line":127,"column":28}},"49":{"start":{"line":135,"column":0},"end":{"line":466,"column":1}},"50":{"start":{"line":136,"column":13},"end":{"line":136,"column":39}},"51":{"start":{"line":137,"column":18},"end":{"line":137,"column":85}},"52":{"start":{"line":138,"column":20},"end":{"line":138,"column":193}},"53":{"start":{"line":141,"column":22},"end":{"line":147,"column":5}},"54":{"start":{"line":142,"column":8},"end":{"line":146,"column":9}},"55":{"start":{"line":143,"column":12},"end":{"line":143,"column":95}},"56":{"start":{"line":145,"column":12},"end":{"line":145,"column":40}},"57":{"start":{"line":150,"column":15},"end":{"line":156,"column":5}},"58":{"start":{"line":151,"column":8},"end":{"line":155,"column":9}},"59":{"start":{"line":152,"column":22},"end":{"line":152,"column":35}},"60":{"start":{"line":153,"column":12},"end":{"line":153,"column":42}},"61":{"start":{"line":154,"column":12},"end":{"line":154,"column":32}},"62":{"start":{"line":158,"column":16},"end":{"line":160,"column":2}},"63":{"start":{"line":159,"column":2},"end":{"line":159,"column":208}},"64":{"start":{"line":163,"column":4},"end":{"line":165,"column":7}},"65":{"start":{"line":164,"column":8},"end":{"line":164,"column":71}},"66":{"start":{"line":167,"column":19},"end":{"line":167,"column":21}},"67":{"start":{"line":168,"column":18},"end":{"line":168,"column":20}},"68":{"start":{"line":169,"column":16},"end":{"line":169,"column":18}},"69":{"start":{"line":170,"column":8},"end":{"line":179,"column":10}},"70":{"start":{"line":182,"column":4},"end":{"line":182,"column":44}},"71":{"start":{"line":184,"column":4},"end":{"line":184,"column":30}},"72":{"start":{"line":187,"column":4},"end":{"line":211,"column":5}},"73":{"start":{"line":187,"column":15},"end":{"line":187,"column":16}},"74":{"start":{"line":189,"column":8},"end":{"line":189,"column":48}},"75":{"start":{"line":192,"column":31},"end":{"line":192,"column":64}},"76":{"start":{"line":193,"column":32},"end":{"line":193,"column":84}},"77":{"start":{"line":196,"column":8},"end":{"line":210,"column":9}},"78":{"start":{"line":197,"column":12},"end":{"line":197,"column":38}},"79":{"start":{"line":200,"column":13},"end":{"line":210,"column":9}},"80":{"start":{"line":201,"column":12},"end":{"line":201,"column":34}},"81":{"start":{"line":204,"column":13},"end":{"line":210,"column":9}},"82":{"start":{"line":205,"column":12},"end":{"line":209,"column":13}},"83":{"start":{"line":206,"column":16},"end":{"line":206,"column":64}},"84":{"start":{"line":208,"column":16},"end":{"line":208,"column":54}},"85":{"start":{"line":214,"column":4},"end":{"line":225,"column":5}},"86":{"start":{"line":216,"column":8},"end":{"line":218,"column":9}},"87":{"start":{"line":217,"column":12},"end":{"line":217,"column":38}},"88":{"start":{"line":221,"column":8},"end":{"line":224,"column":9}},"89":{"start":{"line":222,"column":12},"end":{"line":222,"column":44}},"90":{"start":{"line":223,"column":12},"end":{"line":223,"column":57}},"91":{"start":{"line":228,"column":4},"end":{"line":266,"column":5}},"92":{"start":{"line":229,"column":20},"end":{"line":229,"column":37}},"93":{"start":{"line":230,"column":8},"end":{"line":265,"column":9}},"94":{"start":{"line":232,"column":12},"end":{"line":258,"column":13}},"95":{"start":{"line":233,"column":24},"end":{"line":233,"column":39}},"96":{"start":{"line":234,"column":10},"end":{"line":234,"column":11}},"97":{"start":{"line":235,"column":4},"end":{"line":246,"column":5}},"98":{"start":{"line":236,"column":28},"end":{"line":236,"column":66}},"99":{"start":{"line":237,"column":29},"end":{"line":237,"column":69}},"100":{"start":{"line":239,"column":5},"end":{"line":244,"column":6}},"101":{"start":{"line":240,"column":6},"end":{"line":240,"column":42}},"102":{"start":{"line":242,"column":10},"end":{"line":244,"column":6}},"103":{"start":{"line":243,"column":6},"end":{"line":243,"column":38}},"104":{"start":{"line":245,"column":5},"end":{"line":245,"column":9}},"105":{"start":{"line":247,"column":4},"end":{"line":249,"column":5}},"106":{"start":{"line":248,"column":5},"end":{"line":248,"column":31}},"107":{"start":{"line":250,"column":4},"end":{"line":257,"column":5}},"108":{"start":{"line":251,"column":5},"end":{"line":251,"column":41}},"109":{"start":{"line":252,"column":5},"end":{"line":256,"column":6}},"110":{"start":{"line":253,"column":6},"end":{"line":253,"column":41}},"111":{"start":{"line":255,"column":6},"end":{"line":255,"column":44}},"112":{"start":{"line":260,"column":3},"end":{"line":263,"column":13}},"113":{"start":{"line":261,"column":16},"end":{"line":261,"column":45}},"114":{"start":{"line":262,"column":16},"end":{"line":262,"column":63}},"115":{"start":{"line":264,"column":12},"end":{"line":264,"column":18}},"116":{"start":{"line":269,"column":4},"end":{"line":416,"column":5}},"117":{"start":{"line":270,"column":28},"end":{"line":270,"column":29}},"118":{"start":{"line":272,"column":8},"end":{"line":274,"column":9}},"119":{"start":{"line":273,"column":12},"end":{"line":273,"column":28}},"120":{"start":{"line":275,"column":22},"end":{"line":275,"column":23}},"121":{"start":{"line":276,"column":16},"end":{"line":276,"column":17}},"122":{"start":{"line":277,"column":8},"end":{"line":415,"column":9}},"123":{"start":{"line":279,"column":12},"end":{"line":414,"column":13}},"124":{"start":{"line":281,"column":16},"end":{"line":281,"column":67}},"125":{"start":{"line":283,"column":16},"end":{"line":314,"column":17}},"126":{"start":{"line":284,"column":20},"end":{"line":284,"column":48}},"127":{"start":{"line":285,"column":20},"end":{"line":291,"column":21}},"128":{"start":{"line":286,"column":24},"end":{"line":289,"column":25}},"129":{"start":{"line":287,"column":28},"end":{"line":287,"column":65}},"130":{"start":{"line":288,"column":28},"end":{"line":288,"column":38}},"131":{"start":{"line":290,"column":24},"end":{"line":290,"column":28}},"132":{"start":{"line":294,"column":21},"end":{"line":314,"column":17}},"133":{"start":{"line":295,"column":20},"end":{"line":295,"column":59}},"134":{"start":{"line":296,"column":20},"end":{"line":302,"column":21}},"135":{"start":{"line":297,"column":24},"end":{"line":300,"column":25}},"136":{"start":{"line":298,"column":28},"end":{"line":298,"column":65}},"137":{"start":{"line":299,"column":28},"end":{"line":299,"column":38}},"138":{"start":{"line":301,"column":24},"end":{"line":301,"column":28}},"139":{"start":{"line":305,"column":21},"end":{"line":314,"column":17}},"140":{"start":{"line":306,"column":20},"end":{"line":306,"column":58}},"141":{"start":{"line":307,"column":20},"end":{"line":313,"column":21}},"142":{"start":{"line":308,"column":24},"end":{"line":311,"column":25}},"143":{"start":{"line":309,"column":28},"end":{"line":309,"column":65}},"144":{"start":{"line":310,"column":28},"end":{"line":310,"column":38}},"145":{"start":{"line":312,"column":24},"end":{"line":312,"column":28}},"146":{"start":{"line":317,"column":17},"end":{"line":414,"column":13}},"147":{"start":{"line":319,"column":16},"end":{"line":325,"column":17}},"148":{"start":{"line":320,"column":20},"end":{"line":320,"column":73}},"149":{"start":{"line":321,"column":20},"end":{"line":321,"column":58}},"150":{"start":{"line":323,"column":20},"end":{"line":323,"column":73}},"151":{"start":{"line":324,"column":20},"end":{"line":324,"column":58}},"152":{"start":{"line":328,"column":16},"end":{"line":359,"column":17}},"153":{"start":{"line":330,"column":20},"end":{"line":332,"column":21}},"154":{"start":{"line":330,"column":31},"end":{"line":330,"column":32}},"155":{"start":{"line":331,"column":24},"end":{"line":331,"column":84}},"156":{"start":{"line":333,"column":20},"end":{"line":333,"column":52}},"157":{"start":{"line":335,"column":20},"end":{"line":341,"column":21}},"158":{"start":{"line":336,"column":24},"end":{"line":339,"column":25}},"159":{"start":{"line":337,"column":28},"end":{"line":337,"column":65}},"160":{"start":{"line":338,"column":28},"end":{"line":338,"column":38}},"161":{"start":{"line":340,"column":24},"end":{"line":340,"column":28}},"162":{"start":{"line":344,"column":21},"end":{"line":359,"column":17}},"163":{"start":{"line":345,"column":5},"end":{"line":345,"column":39}},"164":{"start":{"line":346,"column":5},"end":{"line":348,"column":6}},"165":{"start":{"line":346,"column":16},"end":{"line":346,"column":17}},"166":{"start":{"line":347,"column":6},"end":{"line":347,"column":66}},"167":{"start":{"line":351,"column":20},"end":{"line":351,"column":58}},"168":{"start":{"line":352,"column":20},"end":{"line":358,"column":21}},"169":{"start":{"line":353,"column":24},"end":{"line":356,"column":25}},"170":{"start":{"line":354,"column":28},"end":{"line":354,"column":65}},"171":{"start":{"line":355,"column":28},"end":{"line":355,"column":38}},"172":{"start":{"line":357,"column":24},"end":{"line":357,"column":28}},"173":{"start":{"line":362,"column":31},"end":{"line":362,"column":102}},"174":{"start":{"line":364,"column":4},"end":{"line":371,"column":5}},"175":{"start":{"line":365,"column":5},"end":{"line":370,"column":6}},"176":{"start":{"line":366,"column":6},"end":{"line":366,"column":40}},"177":{"start":{"line":367,"column":6},"end":{"line":367,"column":37}},"178":{"start":{"line":368,"column":24},"end":{"line":368,"column":40}},"179":{"start":{"line":369,"column":6},"end":{"line":369,"column":12}},"180":{"start":{"line":373,"column":4},"end":{"line":392,"column":5}},"181":{"start":{"line":374,"column":5},"end":{"line":374,"column":37}},"182":{"start":{"line":375,"column":5},"end":{"line":391,"column":6}},"183":{"start":{"line":376,"column":6},"end":{"line":382,"column":7}},"184":{"start":{"line":377,"column":7},"end":{"line":377,"column":50}},"185":{"start":{"line":378,"column":7},"end":{"line":378,"column":35}},"186":{"start":{"line":380,"column":7},"end":{"line":380,"column":50}},"187":{"start":{"line":381,"column":7},"end":{"line":381,"column":35}},"188":{"start":{"line":384,"column":6},"end":{"line":390,"column":7}},"189":{"start":{"line":385,"column":7},"end":{"line":385,"column":50}},"190":{"start":{"line":386,"column":7},"end":{"line":386,"column":35}},"191":{"start":{"line":388,"column":7},"end":{"line":388,"column":50}},"192":{"start":{"line":389,"column":7},"end":{"line":389,"column":35}},"193":{"start":{"line":394,"column":16},"end":{"line":402,"column":17}},"194":{"start":{"line":395,"column":20},"end":{"line":397,"column":21}},"195":{"start":{"line":395,"column":31},"end":{"line":395,"column":32}},"196":{"start":{"line":396,"column":6},"end":{"line":396,"column":66}},"197":{"start":{"line":399,"column":20},"end":{"line":401,"column":21}},"198":{"start":{"line":399,"column":31},"end":{"line":399,"column":32}},"199":{"start":{"line":400,"column":6},"end":{"line":400,"column":66}},"200":{"start":{"line":405,"column":4},"end":{"line":413,"column":5}},"201":{"start":{"line":406,"column":5},"end":{"line":412,"column":6}},"202":{"start":{"line":407,"column":6},"end":{"line":410,"column":7}},"203":{"start":{"line":408,"column":7},"end":{"line":408,"column":44}},"204":{"start":{"line":409,"column":7},"end":{"line":409,"column":17}},"205":{"start":{"line":411,"column":6},"end":{"line":411,"column":10}},"206":{"start":{"line":418,"column":4},"end":{"line":421,"column":5}},"207":{"start":{"line":419,"column":8},"end":{"line":419,"column":41}},"208":{"start":{"line":420,"column":8},"end":{"line":420,"column":50}},"209":{"start":{"line":423,"column":1},"end":{"line":464,"column":2}},"210":{"start":{"line":425,"column":3},"end":{"line":425,"column":75}},"211":{"start":{"line":426,"column":3},"end":{"line":426,"column":58}},"212":{"start":{"line":427,"column":3},"end":{"line":427,"column":9}},"213":{"start":{"line":429,"column":12},"end":{"line":429,"column":95}},"214":{"start":{"line":430,"column":3},"end":{"line":430,"column":68}},"215":{"start":{"line":431,"column":3},"end":{"line":431,"column":9}},"216":{"start":{"line":433,"column":3},"end":{"line":433,"column":145}},"217":{"start":{"line":434,"column":3},"end":{"line":434,"column":68}},"218":{"start":{"line":435,"column":3},"end":{"line":435,"column":9}},"219":{"start":{"line":437,"column":12},"end":{"line":437,"column":102}},"220":{"start":{"line":438,"column":3},"end":{"line":438,"column":68}},"221":{"start":{"line":439,"column":3},"end":{"line":439,"column":9}},"222":{"start":{"line":441,"column":12},"end":{"line":441,"column":82}},"223":{"start":{"line":442,"column":3},"end":{"line":442,"column":68}},"224":{"start":{"line":443,"column":3},"end":{"line":443,"column":9}},"225":{"start":{"line":445,"column":12},"end":{"line":445,"column":98}},"226":{"start":{"line":446,"column":3},"end":{"line":446,"column":68}},"227":{"start":{"line":447,"column":3},"end":{"line":447,"column":9}},"228":{"start":{"line":449,"column":3},"end":{"line":449,"column":153}},"229":{"start":{"line":450,"column":3},"end":{"line":450,"column":68}},"230":{"start":{"line":451,"column":3},"end":{"line":451,"column":9}},"231":{"start":{"line":453,"column":12},"end":{"line":453,"column":101}},"232":{"start":{"line":454,"column":3},"end":{"line":454,"column":68}},"233":{"start":{"line":455,"column":3},"end":{"line":455,"column":9}},"234":{"start":{"line":457,"column":3},"end":{"line":457,"column":140}},"235":{"start":{"line":458,"column":3},"end":{"line":458,"column":68}},"236":{"start":{"line":459,"column":3},"end":{"line":459,"column":9}},"237":{"start":{"line":461,"column":3},"end":{"line":461,"column":40}},"238":{"start":{"line":462,"column":3},"end":{"line":462,"column":68}},"239":{"start":{"line":463,"column":3},"end":{"line":463,"column":9}},"240":{"start":{"line":465,"column":1},"end":{"line":465,"column":36}},"241":{"start":{"line":468,"column":0},"end":{"line":468,"column":24}}},"fnMap":{"0":{"name":"(anonymous_0)","decl":{"start":{"line":8,"column":13},"end":{"line":8,"column":14}},"loc":{"start":{"line":8,"column":45},"end":{"line":39,"column":1}},"line":8},"1":{"name":"(anonymous_1)","decl":{"start":{"line":44,"column":30},"end":{"line":44,"column":31}},"loc":{"start":{"line":44,"column":41},"end":{"line":54,"column":1}},"line":44},"2":{"name":"(anonymous_2)","decl":{"start":{"line":62,"column":30},"end":{"line":62,"column":31}},"loc":{"start":{"line":62,"column":63},"end":{"line":70,"column":1}},"line":62},"3":{"name":"(anonymous_3)","decl":{"start":{"line":75,"column":26},"end":{"line":75,"column":27}},"loc":{"start":{"line":75,"column":37},"end":{"line":80,"column":1}},"line":75},"4":{"name":"(anonymous_4)","decl":{"start":{"line":85,"column":24},"end":{"line":85,"column":25}},"loc":{"start":{"line":85,"column":35},"end":{"line":90,"column":1}},"line":85},"5":{"name":"(anonymous_5)","decl":{"start":{"line":96,"column":23},"end":{"line":96,"column":24}},"loc":{"start":{"line":96,"column":42},"end":{"line":103,"column":1}},"line":96},"6":{"name":"(anonymous_6)","decl":{"start":{"line":109,"column":25},"end":{"line":109,"column":26}},"loc":{"start":{"line":109,"column":44},"end":{"line":116,"column":1}},"line":109},"7":{"name":"(anonymous_7)","decl":{"start":{"line":121,"column":38},"end":{"line":121,"column":39}},"loc":{"start":{"line":121,"column":49},"end":{"line":128,"column":1}},"line":121},"8":{"name":"(anonymous_8)","decl":{"start":{"line":135,"column":32},"end":{"line":135,"column":33}},"loc":{"start":{"line":135,"column":50},"end":{"line":466,"column":1}},"line":135},"9":{"name":"(anonymous_9)","decl":{"start":{"line":141,"column":22},"end":{"line":141,"column":23}},"loc":{"start":{"line":141,"column":52},"end":{"line":147,"column":5}},"line":141},"10":{"name":"(anonymous_10)","decl":{"start":{"line":150,"column":15},"end":{"line":150,"column":16}},"loc":{"start":{"line":150,"column":42},"end":{"line":156,"column":5}},"line":150},"11":{"name":"(anonymous_11)","decl":{"start":{"line":158,"column":16},"end":{"line":158,"column":17}},"loc":{"start":{"line":158,"column":33},"end":{"line":160,"column":2}},"line":158},"12":{"name":"(anonymous_12)","decl":{"start":{"line":163,"column":16},"end":{"line":163,"column":17}},"loc":{"start":{"line":163,"column":33},"end":{"line":165,"column":5}},"line":163}},"branchMap":{"0":{"loc":{"start":{"line":45,"column":1},"end":{"line":53,"column":2}},"type":"if","locations":[{"start":{"line":45,"column":1},"end":{"line":53,"column":2}},{"start":{},"end":{}}],"line":45},"1":{"loc":{"start":{"line":76,"column":1},"end":{"line":79,"column":2}},"type":"if","locations":[{"start":{"line":76,"column":1},"end":{"line":79,"column":2}},{"start":{},"end":{}}],"line":76},"2":{"loc":{"start":{"line":98,"column":4},"end":{"line":100,"column":5}},"type":"if","locations":[{"start":{"line":98,"column":4},"end":{"line":100,"column":5}},{"start":{},"end":{}}],"line":98},"3":{"loc":{"start":{"line":111,"column":4},"end":{"line":113,"column":5}},"type":"if","locations":[{"start":{"line":111,"column":4},"end":{"line":113,"column":5}},{"start":{},"end":{}}],"line":111},"4":{"loc":{"start":{"line":142,"column":8},"end":{"line":146,"column":9}},"type":"if","locations":[{"start":{"line":142,"column":8},"end":{"line":146,"column":9}},{"start":{"line":144,"column":15},"end":{"line":146,"column":9}}],"line":142},"5":{"loc":{"start":{"line":142,"column":12},"end":{"line":142,"column":59}},"type":"binary-expr","locations":[{"start":{"line":142,"column":12},"end":{"line":142,"column":41}},{"start":{"line":142,"column":45},"end":{"line":142,"column":59}}],"line":142},"6":{"loc":{"start":{"line":143,"column":19},"end":{"line":143,"column":94}},"type":"cond-expr","locations":[{"start":{"line":143,"column":38},"end":{"line":143,"column":65}},{"start":{"line":143,"column":68},"end":{"line":143,"column":94}}],"line":143},"7":{"loc":{"start":{"line":151,"column":8},"end":{"line":155,"column":9}},"type":"if","locations":[{"start":{"line":151,"column":8},"end":{"line":155,"column":9}},{"start":{},"end":{}}],"line":151},"8":{"loc":{"start":{"line":196,"column":8},"end":{"line":210,"column":9}},"type":"if","locations":[{"start":{"line":196,"column":8},"end":{"line":210,"column":9}},{"start":{"line":200,"column":13},"end":{"line":210,"column":9}}],"line":196},"9":{"loc":{"start":{"line":200,"column":13},"end":{"line":210,"column":9}},"type":"if","locations":[{"start":{"line":200,"column":13},"end":{"line":210,"column":9}},{"start":{"line":204,"column":13},"end":{"line":210,"column":9}}],"line":200},"10":{"loc":{"start":{"line":200,"column":17},"end":{"line":200,"column":77}},"type":"binary-expr","locations":[{"start":{"line":200,"column":17},"end":{"line":200,"column":54}},{"start":{"line":200,"column":58},"end":{"line":200,"column":77}}],"line":200},"11":{"loc":{"start":{"line":204,"column":13},"end":{"line":210,"column":9}},"type":"if","locations":[{"start":{"line":204,"column":13},"end":{"line":210,"column":9}},{"start":{},"end":{}}],"line":204},"12":{"loc":{"start":{"line":205,"column":12},"end":{"line":209,"column":13}},"type":"if","locations":[{"start":{"line":205,"column":12},"end":{"line":209,"column":13}},{"start":{"line":207,"column":19},"end":{"line":209,"column":13}}],"line":205},"13":{"loc":{"start":{"line":214,"column":4},"end":{"line":225,"column":5}},"type":"if","locations":[{"start":{"line":214,"column":4},"end":{"line":225,"column":5}},{"start":{},"end":{}}],"line":214},"14":{"loc":{"start":{"line":216,"column":8},"end":{"line":218,"column":9}},"type":"if","locations":[{"start":{"line":216,"column":8},"end":{"line":218,"column":9}},{"start":{},"end":{}}],"line":216},"15":{"loc":{"start":{"line":216,"column":12},"end":{"line":216,"column":71}},"type":"binary-expr","locations":[{"start":{"line":216,"column":12},"end":{"line":216,"column":49}},{"start":{"line":216,"column":53},"end":{"line":216,"column":71}}],"line":216},"16":{"loc":{"start":{"line":221,"column":8},"end":{"line":224,"column":9}},"type":"if","locations":[{"start":{"line":221,"column":8},"end":{"line":224,"column":9}},{"start":{},"end":{}}],"line":221},"17":{"loc":{"start":{"line":230,"column":8},"end":{"line":265,"column":9}},"type":"if","locations":[{"start":{"line":230,"column":8},"end":{"line":265,"column":9}},{"start":{},"end":{}}],"line":230},"18":{"loc":{"start":{"line":232,"column":12},"end":{"line":258,"column":13}},"type":"if","locations":[{"start":{"line":232,"column":12},"end":{"line":258,"column":13}},{"start":{},"end":{}}],"line":232},"19":{"loc":{"start":{"line":235,"column":11},"end":{"line":235,"column":54}},"type":"binary-expr","locations":[{"start":{"line":235,"column":11},"end":{"line":235,"column":26}},{"start":{"line":235,"column":30},"end":{"line":235,"column":54}}],"line":235},"20":{"loc":{"start":{"line":239,"column":5},"end":{"line":244,"column":6}},"type":"if","locations":[{"start":{"line":239,"column":5},"end":{"line":244,"column":6}},{"start":{"line":242,"column":10},"end":{"line":244,"column":6}}],"line":239},"21":{"loc":{"start":{"line":242,"column":10},"end":{"line":244,"column":6}},"type":"if","locations":[{"start":{"line":242,"column":10},"end":{"line":244,"column":6}},{"start":{},"end":{}}],"line":242},"22":{"loc":{"start":{"line":242,"column":14},"end":{"line":242,"column":79}},"type":"binary-expr","locations":[{"start":{"line":242,"column":14},"end":{"line":242,"column":51}},{"start":{"line":242,"column":55},"end":{"line":242,"column":79}}],"line":242},"23":{"loc":{"start":{"line":247,"column":4},"end":{"line":249,"column":5}},"type":"if","locations":[{"start":{"line":247,"column":4},"end":{"line":249,"column":5}},{"start":{},"end":{}}],"line":247},"24":{"loc":{"start":{"line":247,"column":8},"end":{"line":247,"column":92}},"type":"binary-expr","locations":[{"start":{"line":247,"column":8},"end":{"line":247,"column":33}},{"start":{"line":247,"column":37},"end":{"line":247,"column":63}},{"start":{"line":247,"column":67},"end":{"line":247,"column":92}}],"line":247},"25":{"loc":{"start":{"line":250,"column":4},"end":{"line":257,"column":5}},"type":"if","locations":[{"start":{"line":250,"column":4},"end":{"line":257,"column":5}},{"start":{},"end":{}}],"line":250},"26":{"loc":{"start":{"line":252,"column":5},"end":{"line":256,"column":6}},"type":"if","locations":[{"start":{"line":252,"column":5},"end":{"line":256,"column":6}},{"start":{"line":254,"column":12},"end":{"line":256,"column":6}}],"line":252},"27":{"loc":{"start":{"line":260,"column":3},"end":{"line":263,"column":13}},"type":"if","locations":[{"start":{"line":260,"column":3},"end":{"line":263,"column":13}},{"start":{},"end":{}}],"line":260},"28":{"loc":{"start":{"line":260,"column":7},"end":{"line":260,"column":84}},"type":"binary-expr","locations":[{"start":{"line":260,"column":7},"end":{"line":260,"column":45}},{"start":{"line":260,"column":49},"end":{"line":260,"column":84}}],"line":260},"29":{"loc":{"start":{"line":269,"column":4},"end":{"line":416,"column":5}},"type":"if","locations":[{"start":{"line":269,"column":4},"end":{"line":416,"column":5}},{"start":{},"end":{}}],"line":269},"30":{"loc":{"start":{"line":277,"column":8},"end":{"line":415,"column":9}},"type":"if","locations":[{"start":{"line":277,"column":8},"end":{"line":415,"column":9}},{"start":{},"end":{}}],"line":277},"31":{"loc":{"start":{"line":279,"column":12},"end":{"line":414,"column":13}},"type":"if","locations":[{"start":{"line":279,"column":12},"end":{"line":414,"column":13}},{"start":{"line":317,"column":17},"end":{"line":414,"column":13}}],"line":279},"32":{"loc":{"start":{"line":283,"column":16},"end":{"line":314,"column":17}},"type":"if","locations":[{"start":{"line":283,"column":16},"end":{"line":314,"column":17}},{"start":{"line":294,"column":21},"end":{"line":314,"column":17}}],"line":283},"33":{"loc":{"start":{"line":286,"column":24},"end":{"line":289,"column":25}},"type":"if","locations":[{"start":{"line":286,"column":24},"end":{"line":289,"column":25}},{"start":{},"end":{}}],"line":286},"34":{"loc":{"start":{"line":294,"column":21},"end":{"line":314,"column":17}},"type":"if","locations":[{"start":{"line":294,"column":21},"end":{"line":314,"column":17}},{"start":{"line":305,"column":21},"end":{"line":314,"column":17}}],"line":294},"35":{"loc":{"start":{"line":297,"column":24},"end":{"line":300,"column":25}},"type":"if","locations":[{"start":{"line":297,"column":24},"end":{"line":300,"column":25}},{"start":{},"end":{}}],"line":297},"36":{"loc":{"start":{"line":305,"column":21},"end":{"line":314,"column":17}},"type":"if","locations":[{"start":{"line":305,"column":21},"end":{"line":314,"column":17}},{"start":{},"end":{}}],"line":305},"37":{"loc":{"start":{"line":308,"column":24},"end":{"line":311,"column":25}},"type":"if","locations":[{"start":{"line":308,"column":24},"end":{"line":311,"column":25}},{"start":{},"end":{}}],"line":308},"38":{"loc":{"start":{"line":317,"column":17},"end":{"line":414,"column":13}},"type":"if","locations":[{"start":{"line":317,"column":17},"end":{"line":414,"column":13}},{"start":{"line":361,"column":19},"end":{"line":414,"column":13}}],"line":317},"39":{"loc":{"start":{"line":319,"column":16},"end":{"line":325,"column":17}},"type":"if","locations":[{"start":{"line":319,"column":16},"end":{"line":325,"column":17}},{"start":{"line":322,"column":23},"end":{"line":325,"column":17}}],"line":319},"40":{"loc":{"start":{"line":319,"column":20},"end":{"line":319,"column":268}},"type":"binary-expr","locations":[{"start":{"line":319,"column":20},"end":{"line":319,"column":93}},{"start":{"line":319,"column":99},"end":{"line":319,"column":173}},{"start":{"line":319,"column":177},"end":{"line":319,"column":266}}],"line":319},"41":{"loc":{"start":{"line":328,"column":16},"end":{"line":359,"column":17}},"type":"if","locations":[{"start":{"line":328,"column":16},"end":{"line":359,"column":17}},{"start":{"line":344,"column":21},"end":{"line":359,"column":17}}],"line":328},"42":{"loc":{"start":{"line":336,"column":24},"end":{"line":339,"column":25}},"type":"if","locations":[{"start":{"line":336,"column":24},"end":{"line":339,"column":25}},{"start":{},"end":{}}],"line":336},"43":{"loc":{"start":{"line":336,"column":28},"end":{"line":336,"column":112}},"type":"binary-expr","locations":[{"start":{"line":336,"column":28},"end":{"line":336,"column":68}},{"start":{"line":336,"column":72},"end":{"line":336,"column":112}}],"line":336},"44":{"loc":{"start":{"line":344,"column":21},"end":{"line":359,"column":17}},"type":"if","locations":[{"start":{"line":344,"column":21},"end":{"line":359,"column":17}},{"start":{"line":350,"column":23},"end":{"line":359,"column":17}}],"line":344},"45":{"loc":{"start":{"line":353,"column":24},"end":{"line":356,"column":25}},"type":"if","locations":[{"start":{"line":353,"column":24},"end":{"line":356,"column":25}},{"start":{},"end":{}}],"line":353},"46":{"loc":{"start":{"line":365,"column":5},"end":{"line":370,"column":6}},"type":"if","locations":[{"start":{"line":365,"column":5},"end":{"line":370,"column":6}},{"start":{},"end":{}}],"line":365},"47":{"loc":{"start":{"line":373,"column":4},"end":{"line":392,"column":5}},"type":"if","locations":[{"start":{"line":373,"column":4},"end":{"line":392,"column":5}},{"start":{},"end":{}}],"line":373},"48":{"loc":{"start":{"line":375,"column":5},"end":{"line":391,"column":6}},"type":"if","locations":[{"start":{"line":375,"column":5},"end":{"line":391,"column":6}},{"start":{"line":383,"column":12},"end":{"line":391,"column":6}}],"line":375},"49":{"loc":{"start":{"line":376,"column":6},"end":{"line":382,"column":7}},"type":"if","locations":[{"start":{"line":376,"column":6},"end":{"line":382,"column":7}},{"start":{"line":379,"column":13},"end":{"line":382,"column":7}}],"line":376},"50":{"loc":{"start":{"line":384,"column":6},"end":{"line":390,"column":7}},"type":"if","locations":[{"start":{"line":384,"column":6},"end":{"line":390,"column":7}},{"start":{"line":387,"column":13},"end":{"line":390,"column":7}}],"line":384},"51":{"loc":{"start":{"line":394,"column":16},"end":{"line":402,"column":17}},"type":"if","locations":[{"start":{"line":394,"column":16},"end":{"line":402,"column":17}},{"start":{"line":398,"column":23},"end":{"line":402,"column":17}}],"line":394},"52":{"loc":{"start":{"line":405,"column":4},"end":{"line":413,"column":5}},"type":"if","locations":[{"start":{"line":405,"column":4},"end":{"line":413,"column":5}},{"start":{},"end":{}}],"line":405},"53":{"loc":{"start":{"line":407,"column":6},"end":{"line":410,"column":7}},"type":"if","locations":[{"start":{"line":407,"column":6},"end":{"line":410,"column":7}},{"start":{},"end":{}}],"line":407},"54":{"loc":{"start":{"line":407,"column":10},"end":{"line":407,"column":94}},"type":"binary-expr","locations":[{"start":{"line":407,"column":10},"end":{"line":407,"column":50}},{"start":{"line":407,"column":54},"end":{"line":407,"column":94}}],"line":407},"55":{"loc":{"start":{"line":418,"column":4},"end":{"line":421,"column":5}},"type":"if","locations":[{"start":{"line":418,"column":4},"end":{"line":421,"column":5}},{"start":{},"end":{}}],"line":418},"56":{"loc":{"start":{"line":423,"column":1},"end":{"line":464,"column":2}},"type":"switch","locations":[{"start":{"line":424,"column":2},"end":{"line":427,"column":9}},{"start":{"line":428,"column":2},"end":{"line":431,"column":9}},{"start":{"line":432,"column":2},"end":{"line":435,"column":9}},{"start":{"line":436,"column":2},"end":{"line":439,"column":9}},{"start":{"line":440,"column":2},"end":{"line":443,"column":9}},{"start":{"line":444,"column":2},"end":{"line":447,"column":9}},{"start":{"line":448,"column":2},"end":{"line":451,"column":9}},{"start":{"line":452,"column":2},"end":{"line":455,"column":9}},{"start":{"line":456,"column":2},"end":{"line":459,"column":9}},{"start":{"line":460,"column":2},"end":{"line":463,"column":9}}],"line":423}},"s":{"0":2,"1":21,"2":21,"3":21,"4":21,"5":21,"6":21,"7":21,"8":21,"9":2,"10":0,"11":0,"12":0,"13":0,"14":0,"15":0,"16":2,"17":20,"18":20,"19":20,"20":20,"21":20,"22":2,"23":0,"24":0,"25":0,"26":2,"27":0,"28":0,"29":0,"30":2,"31":3,"32":3,"33":0,"34":3,"35":3,"36":2,"37":0,"38":0,"39":0,"40":0,"41":0,"42":2,"43":10,"44":10,"45":10,"46":10,"47":10,"48":10,"49":2,"50":0,"51":0,"52":0,"53":0,"54":0,"55":0,"56":0,"57":0,"58":0,"59":0,"60":0,"61":0,"62":0,"63":0,"64":0,"65":0,"66":0,"67":0,"68":0,"69":0,"70":0,"71":0,"72":0,"73":0,"74":0,"75":0,"76":0,"77":0,"78":0,"79":0,"80":0,"81":0,"82":0,"83":0,"84":0,"85":0,"86":0,"87":0,"88":0,"89":0,"90":0,"91":0,"92":0,"93":0,"94":0,"95":0,"96":0,"97":0,"98":0,"99":0,"100":0,"101":0,"102":0,"103":0,"104":0,"105":0,"106":0,"107":0,"108":0,"109":0,"110":0,"111":0,"112":0,"113":0,"114":0,"115":0,"116":0,"117":0,"118":0,"119":0,"120":0,"121":0,"122":0,"123":0,"124":0,"125":0,"126":0,"127":0,"128":0,"129":0,"130":0,"131":0,"132":0,"133":0,"134":0,"135":0,"136":0,"137":0,"138":0,"139":0,"140":0,"141":0,"142":0,"143":0,"144":0,"145":0,"146":0,"147":0,"148":0,"149":0,"150":0,"151":0,"152":0,"153":0,"154":0,"155":0,"156":0,"157":0,"158":0,"159":0,"160":0,"161":0,"162":0,"163":0,"164":0,"165":0,"166":0,"167":0,"168":0,"169":0,"170":0,"171":0,"172":0,"173":0,"174":0,"175":0,"176":0,"177":0,"178":0,"179":0,"180":0,"181":0,"182":0,"183":0,"184":0,"185":0,"186":0,"187":0,"188":0,"189":0,"190":0,"191":0,"192":0,"193":0,"194":0,"195":0,"196":0,"197":0,"198":0,"199":0,"200":0,"201":0,"202":0,"203":0,"204":0,"205":0,"206":0,"207":0,"208":0,"209":0,"210":0,"211":0,"212":0,"213":0,"214":0,"215":0,"216":0,"217":0,"218":0,"219":0,"220":0,"221":0,"222":0,"223":0,"224":0,"225":0,"226":0,"227":0,"228":0,"229":0,"230":0,"231":0,"232":0,"233":0,"234":0,"235":0,"236":0,"237":0,"238":0,"239":0,"240":0,"241":2},"f":{"0":21,"1":0,"2":20,"3":0,"4":0,"5":3,"6":0,"7":10,"8":0,"9":0,"10":0,"11":0,"12":0},"b":{"0":[0,0],"1":[0,0],"2":[0,3],"3":[0,0],"4":[0,0],"5":[0,0],"6":[0,0],"7":[0,0],"8":[0,0],"9":[0,0],"10":[0,0],"11":[0,0],"12":[0,0],"13":[0,0],"14":[0,0],"15":[0,0],"16":[0,0],"17":[0,0],"18":[0,0],"19":[0,0],"20":[0,0],"21":[0,0],"22":[0,0],"23":[0,0],"24":[0,0,0],"25":[0,0],"26":[0,0],"27":[0,0],"28":[0,0],"29":[0,0],"30":[0,0],"31":[0,0],"32":[0,0],"33":[0,0],"34":[0,0],"35":[0,0],"36":[0,0],"37":[0,0],"38":[0,0],"39":[0,0],"40":[0,0,0],"41":[0,0],"42":[0,0],"43":[0,0],"44":[0,0],"45":[0,0],"46":[0,0],"47":[0,0],"48":[0,0],"49":[0,0],"50":[0,0],"51":[0,0],"52":[0,0],"53":[0,0],"54":[0,0],"55":[0,0],"56":[0,0,0,0,0,0,0,0,0,0]},"_coverageSchema":"1a1c01bbd47fc00a2c39e90264f33305004495a9","hash":"eba0fd1aad5d3198cc7d5afe25f2a746b1fa80ef"}
,"C:\\Users\\John8\\Desktop\\homework\\SoftwareTesting\\poker\\Poker\\poker_modules\\pot.js": {"path":"C:\\Users\\John8\\Desktop\\homework\\SoftwareTesting\\poker\\Poker\\poker_modules\\pot.js","statementMap":{"0":{"start":{"line":4,"column":10},"end":{"line":16,"column":1}},"1":{"start":{"line":10,"column":2},"end":{"line":15,"column":4}},"2":{"start":{"line":21,"column":0},"end":{"line":25,"column":2}},"3":{"start":{"line":22,"column":2},"end":{"line":22,"column":23}},"4":{"start":{"line":23,"column":2},"end":{"line":23,"column":26}},"5":{"start":{"line":24,"column":2},"end":{"line":24,"column":33}},"6":{"start":{"line":31,"column":0},"end":{"line":94,"column":1}},"7":{"start":{"line":33,"column":19},"end":{"line":33,"column":37}},"8":{"start":{"line":36,"column":20},"end":{"line":36,"column":21}},"9":{"start":{"line":38,"column":24},"end":{"line":38,"column":28}},"10":{"start":{"line":42,"column":2},"end":{"line":55,"column":3}},"11":{"start":{"line":43,"column":4},"end":{"line":54,"column":5}},"12":{"start":{"line":44,"column":6},"end":{"line":53,"column":7}},"13":{"start":{"line":45,"column":8},"end":{"line":45,"column":44}},"14":{"start":{"line":47,"column":11},"end":{"line":53,"column":7}},"15":{"start":{"line":48,"column":8},"end":{"line":48,"column":32}},"16":{"start":{"line":50,"column":8},"end":{"line":52,"column":9}},"17":{"start":{"line":51,"column":10},"end":{"line":51,"column":46}},"18":{"start":{"line":59,"column":2},"end":{"line":93,"column":3}},"19":{"start":{"line":60,"column":4},"end":{"line":68,"column":5}},"20":{"start":{"line":61,"column":6},"end":{"line":67,"column":7}},"21":{"start":{"line":62,"column":8},"end":{"line":62,"column":62}},"22":{"start":{"line":63,"column":8},"end":{"line":63,"column":34}},"23":{"start":{"line":64,"column":8},"end":{"line":66,"column":9}},"24":{"start":{"line":65,"column":10},"end":{"line":65,"column":69}},"25":{"start":{"line":73,"column":4},"end":{"line":81,"column":5}},"26":{"start":{"line":74,"column":6},"end":{"line":80,"column":7}},"27":{"start":{"line":75,"column":8},"end":{"line":75,"column":52}},"28":{"start":{"line":76,"column":8},"end":{"line":76,"column":68}},"29":{"start":{"line":77,"column":8},"end":{"line":79,"column":9}},"30":{"start":{"line":78,"column":10},"end":{"line":78,"column":69}},"31":{"start":{"line":84,"column":4},"end":{"line":89,"column":6}},"32":{"start":{"line":92,"column":4},"end":{"line":92,"column":33}},"33":{"start":{"line":100,"column":0},"end":{"line":110,"column":1}},"34":{"start":{"line":102,"column":19},"end":{"line":102,"column":37}},"35":{"start":{"line":104,"column":2},"end":{"line":104,"column":52}},"36":{"start":{"line":105,"column":2},"end":{"line":105,"column":24}},"37":{"start":{"line":107,"column":2},"end":{"line":109,"column":3}},"38":{"start":{"line":108,"column":4},"end":{"line":108,"column":59}},"39":{"start":{"line":112,"column":0},"end":{"line":162,"column":1}},"40":{"start":{"line":113,"column":18},"end":{"line":113,"column":34}},"41":{"start":{"line":114,"column":17},"end":{"line":114,"column":19}},"42":{"start":{"line":117,"column":2},"end":{"line":157,"column":3}},"43":{"start":{"line":117,"column":13},"end":{"line":117,"column":24}},"44":{"start":{"line":118,"column":18},"end":{"line":118,"column":20}},"45":{"start":{"line":119,"column":21},"end":{"line":119,"column":22}},"46":{"start":{"line":120,"column":23},"end":{"line":120,"column":37}},"47":{"start":{"line":121,"column":4},"end":{"line":131,"column":5}},"48":{"start":{"line":121,"column":15},"end":{"line":121,"column":16}},"49":{"start":{"line":122,"column":6},"end":{"line":130,"column":7}},"50":{"start":{"line":123,"column":8},"end":{"line":129,"column":9}},"51":{"start":{"line":124,"column":10},"end":{"line":124,"column":55}},"52":{"start":{"line":125,"column":10},"end":{"line":125,"column":40}},"53":{"start":{"line":127,"column":13},"end":{"line":129,"column":9}},"54":{"start":{"line":128,"column":10},"end":{"line":128,"column":42}},"55":{"start":{"line":132,"column":4},"end":{"line":156,"column":5}},"56":{"start":{"line":133,"column":6},"end":{"line":133,"column":68}},"57":{"start":{"line":134,"column":21},"end":{"line":134,"column":83}},"58":{"start":{"line":135,"column":6},"end":{"line":135,"column":126}},"59":{"start":{"line":136,"column":6},"end":{"line":136,"column":167}},"60":{"start":{"line":138,"column":25},"end":{"line":138,"column":39}},"61":{"start":{"line":140,"column":21},"end":{"line":140,"column":61}},"62":{"start":{"line":141,"column":20},"end":{"line":141,"column":67}},"63":{"start":{"line":143,"column":6},"end":{"line":155,"column":7}},"64":{"start":{"line":144,"column":30},"end":{"line":144,"column":31}},"65":{"start":{"line":145,"column":8},"end":{"line":149,"column":9}},"66":{"start":{"line":146,"column":10},"end":{"line":146,"column":41}},"67":{"start":{"line":148,"column":10},"end":{"line":148,"column":37}},"68":{"start":{"line":151,"column":8},"end":{"line":151,"column":66}},"69":{"start":{"line":152,"column":23},"end":{"line":152,"column":85}},"70":{"start":{"line":153,"column":8},"end":{"line":153,"column":128}},"71":{"start":{"line":154,"column":8},"end":{"line":154,"column":165}},"72":{"start":{"line":159,"column":2},"end":{"line":159,"column":15}},"73":{"start":{"line":161,"column":2},"end":{"line":161,"column":18}},"74":{"start":{"line":169,"column":0},"end":{"line":180,"column":1}},"75":{"start":{"line":170,"column":18},"end":{"line":170,"column":34}},"76":{"start":{"line":171,"column":20},"end":{"line":171,"column":21}},"77":{"start":{"line":173,"column":2},"end":{"line":176,"column":3}},"78":{"start":{"line":173,"column":13},"end":{"line":173,"column":24}},"79":{"start":{"line":174,"column":4},"end":{"line":174,"column":53}},"80":{"start":{"line":175,"column":4},"end":{"line":175,"column":39}},"81":{"start":{"line":178,"column":2},"end":{"line":178,"column":15}},"82":{"start":{"line":179,"column":2},"end":{"line":179,"column":68}},"83":{"start":{"line":186,"column":0},"end":{"line":194,"column":1}},"84":{"start":{"line":187,"column":18},"end":{"line":187,"column":34}},"85":{"start":{"line":188,"column":2},"end":{"line":193,"column":3}},"86":{"start":{"line":188,"column":13},"end":{"line":188,"column":14}},"87":{"start":{"line":189,"column":23},"end":{"line":189,"column":64}},"88":{"start":{"line":190,"column":4},"end":{"line":192,"column":5}},"89":{"start":{"line":191,"column":6},"end":{"line":191,"column":58}},"90":{"start":{"line":196,"column":0},"end":{"line":198,"column":1}},"91":{"start":{"line":197,"column":2},"end":{"line":197,"column":30}},"92":{"start":{"line":201,"column":0},"end":{"line":201,"column":21}}},"fnMap":{"0":{"name":"(anonymous_0)","decl":{"start":{"line":4,"column":10},"end":{"line":4,"column":11}},"loc":{"start":{"line":4,"column":21},"end":{"line":16,"column":1}},"line":4},"1":{"name":"(anonymous_1)","decl":{"start":{"line":21,"column":22},"end":{"line":21,"column":23}},"loc":{"start":{"line":21,"column":33},"end":{"line":25,"column":1}},"line":21},"2":{"name":"(anonymous_2)","decl":{"start":{"line":31,"column":29},"end":{"line":31,"column":30}},"loc":{"start":{"line":31,"column":49},"end":{"line":94,"column":1}},"line":31},"3":{"name":"(anonymous_3)","decl":{"start":{"line":100,"column":31},"end":{"line":100,"column":32}},"loc":{"start":{"line":100,"column":50},"end":{"line":110,"column":1}},"line":100},"4":{"name":"(anonymous_4)","decl":{"start":{"line":112,"column":36},"end":{"line":112,"column":37}},"loc":{"start":{"line":112,"column":74},"end":{"line":162,"column":1}},"line":112},"5":{"name":"(anonymous_5)","decl":{"start":{"line":169,"column":29},"end":{"line":169,"column":30}},"loc":{"start":{"line":169,"column":48},"end":{"line":180,"column":1}},"line":169},"6":{"name":"(anonymous_6)","decl":{"start":{"line":186,"column":29},"end":{"line":186,"column":30}},"loc":{"start":{"line":186,"column":46},"end":{"line":194,"column":1}},"line":186},"7":{"name":"(anonymous_7)","decl":{"start":{"line":196,"column":24},"end":{"line":196,"column":25}},"loc":{"start":{"line":196,"column":35},"end":{"line":198,"column":1}},"line":196}},"branchMap":{"0":{"loc":{"start":{"line":43,"column":4},"end":{"line":54,"column":5}},"type":"if","locations":[{"start":{"line":43,"column":4},"end":{"line":54,"column":5}},{"start":{},"end":{}}],"line":43},"1":{"loc":{"start":{"line":43,"column":8},"end":{"line":43,"column":43}},"type":"binary-expr","locations":[{"start":{"line":43,"column":8},"end":{"line":43,"column":18}},{"start":{"line":43,"column":22},"end":{"line":43,"column":43}}]
[...]
:169,"column":6}},"type":"if","locations":[{"start":{"line":167,"column":5},"end":{"line":169,"column":6}},{"start":{},"end":{}}],"line":167},"19":{"loc":{"start":{"line":174,"column":3},"end":{"line":182,"column":4}},"type":"if","locations":[{"start":{"line":174,"column":3},"end":{"line":182,"column":4}},{"start":{},"end":{}}],"line":174},"20":{"loc":{"start":{"line":179,"column":4},"end":{"line":181,"column":5}},"type":"if","locations":[{"start":{"line":179,"column":4},"end":{"line":181,"column":5}},{"start":{},"end":{}}],"line":179},"21":{"loc":{"start":{"line":185,"column":2},"end":{"line":191,"column":3}},"type":"if","locations":[{"start":{"line":185,"column":2},"end":{"line":191,"column":3}},{"start":{},"end":{}}],"line":185},"22":{"loc":{"start":{"line":187,"column":4},"end":{"line":189,"column":5}},"type":"if","locations":[{"start":{"line":187,"column":4},"end":{"line":189,"column":5}},{"start":{},"end":{}}],"line":187},"23":{"loc":{"start":{"line":187,"column":8},"end":{"line":187,"column":62}},"type":"binary-expr","locations":[{"start":{"line":187,"column":8},"end":{"line":187,"column":30}},{"start":{"line":187,"column":34},"end":{"line":187,"column":62}}],"line":187},"24":{"loc":{"start":{"line":193,"column":3},"end":{"line":195,"column":4}},"type":"if","locations":[{"start":{"line":193,"column":3},"end":{"line":195,"column":4}},{"start":{},"end":{}}],"line":193},"25":{"loc":{"start":{"line":193,"column":7},"end":{"line":193,"column":61}},"type":"binary-expr","locations":[{"start":{"line":193,"column":7},"end":{"line":193,"column":29}},{"start":{"line":193,"column":33},"end":{"line":193,"column":61}}],"line":193},"26":{"loc":{"start":{"line":206,"column":16},"end":{"line":206,"column":72}},"type":"cond-expr","locations":[{"start":{"line":206,"column":53},"end":{"line":206,"column":57}},{"start":{"line":206,"column":60},"end":{"line":206,"column":72}}],"line":206},"27":{"loc":{"start":{"line":208,"column":1},"end":{"line":250,"column":2}},"type":"if","locations":[{"start":{"line":208,"column":1},"end":{"line":250,"column":2}},{"start":{},"end":{}}],"line":208},"28":{"loc":{"start":{"line":218,"column":3},"end":{"line":226,"column":4}},"type":"if","locations":[{"start":{"line":218,"column":3},"end":{"line":226,"column":4}},{"start":{},"end":{}}],"line":218},"29":{"loc":{"start":{"line":218,"column":7},"end":{"line":218,"column":63}},"type":"binary-expr","locations":[{"start":{"line":218,"column":7},"end":{"line":218,"column":29}},{"start":{"line":218,"column":33},"end":{"line":218,"column":63}}],"line":218},"30":{"loc":{"start":{"line":219,"column":4},"end":{"line":225,"column":5}},"type":"if","locations":[{"start":{"line":219,"column":4},"end":{"line":225,"column":5}},{"start":{"line":222,"column":11},"end":{"line":225,"column":5}}],"line":219},"31":{"loc":{"start":{"line":230,"column":2},"end":{"line":247,"column":3}},"type":"if","locations":[{"start":{"line":230,"column":2},"end":{"line":247,"column":3}},{"start":{"line":243,"column":9},"end":{"line":247,"column":3}}],"line":230},"32":{"loc":{"start":{"line":236,"column":10},"end":{"line":236,"column":74}},"type":"binary-expr","locations":[{"start":{"line":236,"column":10},"end":{"line":236,"column":44}},{"start":{"line":236,"column":48},"end":{"line":236,"column":74}}],"line":236},"33":{"loc":{"start":{"line":238,"column":4},"end":{"line":240,"column":5}},"type":"if","locations":[{"start":{"line":238,"column":4},"end":{"line":240,"column":5}},{"start":{},"end":{}}],"line":238},"34":{"loc":{"start":{"line":238,"column":8},"end":{"line":238,"column":64}},"type":"binary-expr","locations":[{"start":{"line":238,"column":8},"end":{"line":238,"column":30}},{"start":{"line":238,"column":34},"end":{"line":238,"column":64}}],"line":238},"35":{"loc":{"start":{"line":243,"column":9},"end":{"line":247,"column":3}},"type":"if","locations":[{"start":{"line":243,"column":9},"end":{"line":247,"column":3}},{"start":{},"end":{}}],"line":243},"36":{"loc":{"start":{"line":243,"column":13},"end":{"line":243,"column":90}},"type":"binary-expr","locations":[{"start":{"line":243,"column":13},"end":{"line":243,"column":25}},{"start":{"line":243,"column":29},"end":{"line":243,"column":90}}],"line":243},"37":{"loc":{"start":{"line":261,"column":1},"end":{"line":265,"column":2}},"type":"if","locations":[{"start":{"line":261,"column":1},"end":{"line":265,"column":2}},{"start":{"line":263,"column":8},"end":{"line":265,"column":2}}],"line":261},"38":{"loc":{"start":{"line":306,"column":1},"end":{"line":319,"column":2}},"type":"switch","locations":[{"start":{"line":307,"column":2},"end":{"line":310,"column":9}},{"start":{"line":311,"column":2},"end":{"line":314,"column":9}},{"start":{"line":315,"column":2},"end":{"line":318,"column":9}}],"line":306},"39":{"loc":{"start":{"line":328,"column":1},"end":{"line":335,"column":2}},"type":"if","locations":[{"start":{"line":328,"column":1},"end":{"line":335,"column":2}},{"start":{"line":333,"column":8},"end":{"line":335,"column":2}}],"line":328},"40":{"loc":{"start":{"line":344,"column":1},"end":{"line":372,"column":2}},"type":"switch","locations":[{"start":{"line":345,"column":2},"end":{"line":347,"column":9}},{"start":{"line":348,"column":2},"end":{"line":350,"column":9}},{"start":{"line":351,"column":2},"end":{"line":357,"column":9}},{"start":{"line":358,"column":2},"end":{"line":358,"column":14}},{"start":{"line":359,"column":2},"end":{"line":359,"column":14}},{"start":{"line":360,"column":2},"end":{"line":371,"column":9}}],"line":344},"41":{"loc":{"start":{"line":352,"column":3},"end":{"line":356,"column":4}},"type":"if","locations":[{"start":{"line":352,"column":3},"end":{"line":356,"column":4}},{"start":{"line":354,"column":10},"end":{"line":356,"column":4}}],"line":352},"42":{"loc":{"start":{"line":362,"column":3},"end":{"line":370,"column":4}},"type":"if","locations":[{"start":{"line":362,"column":3},"end":{"line":370,"column":4}},{"start":{"line":368,"column":10},"end":{"line":370,"column":4}}],"line":362},"43":{"loc":{"start":{"line":363,"column":4},"end":{"line":367,"column":5}},"type":"if","locations":[{"start":{"line":363,"column":4},"end":{"line":367,"column":5}},{"start":{"line":365,"column":11},"end":{"line":367,"column":5}}],"line":363},"44":{"loc":{"start":{"line":390,"column":2},"end":{"line":392,"column":3}},"type":"if","locations":[{"start":{"line":390,"column":2},"end":{"line":392,"column":3}},{"start":{},"end":{}}],"line":390},"45":{"loc":{"start":{"line":419,"column":1},"end":{"line":428,"column":2}},"type":"switch","locations":[{"start":{"line":420,"column":2},"end":{"line":420,"column":17}},{"start":{"line":421,"column":2},"end":{"line":421,"column":14}},{"start":{"line":422,"column":2},"end":{"line":424,"column":9}},{"start":{"line":425,"column":2},"end":{"line":427,"column":9}}],"line":419},"46":{"loc":{"start":{"line":436,"column":11},"end":{"line":436,"column":171}},"type":"cond-expr","locations":[{"start":{"line":436,"column":93},"end":{"line":436,"column":115}},{"start":{"line":436,"column":118},"end":{"line":436,"column":171}}],"line":436},"47":{"loc":{"start":{"line":444,"column":26},"end":{"line":444,"column":85}},"type":"cond-expr","locations":[{"start":{"line":444,"column":57},"end":{"line":444,"column":60}},{"start":{"line":444,"column":63},"end":{"line":444,"column":85}}],"line":444},"48":{"loc":{"start":{"line":454,"column":11},"end":{"line":454,"column":167}},"type":"cond-expr","locations":[{"start":{"line":454,"column":91},"end":{"line":454,"column":111}},{"start":{"line":454,"column":114},"end":{"line":454,"column":167}}],"line":454},"49":{"loc":{"start":{"line":462,"column":26},"end":{"line":462,"column":85}},"type":"cond-expr","locations":[{"start":{"line":462,"column":57},"end":{"line":462,"column":60}},{"start":{"line":462,"column":63},"end":{"line":462,"column":85}}],"line":462},"50":{"loc":{"start":{"line":482,"column":1},"end":{"line":493,"column":2}},"type":"if","locations":[{"start":{"line":482,"column":1},"end":{"line":493,"column":2}},{"start":{"line":487,"column":8},"end":{"line":493,"column":2}}],"line":482},"51":{"loc":{"start":{"line":488,"column":2},"end":{"line":492,"column":3}},"type":"if","locations":[{"start":{"line":488,"column":2},"end":{"line":492,"column":3}},{"start":{"line":490,"column":9},"end":{"line":492,"column":3}}],"line":488},"52":{"loc":{"start":{"line":509,"column":1},"end":{"line":513,"column":2}},"type":"if","locations":[{"start":{"line":509,"column":1},"end":{"line":513,"column":2}},{"start":{"line":511,"column":8},"end":{"line":513,"column":2}}],"line":509},"53":{"loc":{"start":{"line":532,"column":1},"end":{"line":536,"column":2}},"type":"if","locations":[{"start":{"line":532,"column":1},"end":{"line":536,"column":2}},{"start":{"line":534,"column":8},"end":{"line":536,"column":2}}],"line":532},"54":{"loc":{"start":{"line":532,"column":5},"end":{"line":532,"column":83}},"type":"binary-expr","locations":[{"start":{"line":532,"column":5},"end":{"line":532,"column":52}},{"start":{"line":532,"column":56},"end":{"line":532,"column":83}}],"line":532},"55":{"loc":{"start":{"line":544,"column":26},"end":{"line":544,"column":169}},"type":"cond-expr","locations":[{"start":{"line":544,"column":99},"end":{"line":544,"column":144}},{"start":{"line":544,"column":147},"end":{"line":544,"column":169}}],"line":544},"56":{"loc":{"start":{"line":556,"column":1},"end":{"line":561,"column":2}},"type":"if","locations":[{"start":{"line":556,"column":1},"end":{"line":561,"column":2}},{"start":{"line":558,"column":8},"end":{"line":561,"column":2}}],"line":556},"57":{"loc":{"start":{"line":570,"column":26},"end":{"line":570,"column":169}},"type":"cond-expr","locations":[{"start":{"line":570,"column":99},"end":{"line":570,"column":144}},{"start":{"line":570,"column":147},"end":{"line":570,"column":169}}],"line":570},"58":{"loc":{"start":{"line":581,"column":1},"end":{"line":586,"column":2}},"type":"if","locations":[{"start":{"line":581,"column":1},"end":{"line":586,"column":2}},{"start":{"line":583,"column":8},"end":{"line":586,"column":2}}],"line":581},"59":{"loc":{"start":{"line":626,"column":1},"end":{"line":629,"column":2}},"type":"if","locations":[{"start":{"line":626,"column":1},"end":{"line":629,"column":2}},{"start":{},"end":{}}],"line":626},"60":{"loc":{"start":{"line":626,"column":5},"end":{"line":626,"column":53}},"type":"binary-expr","locations":[{"start":{"line":626,"column":5},"end":{"line":626,"column":19}},{"start":{"line":626,"column":23},"end":{"line":626,"column":53}}],"line":626},"61":{"loc":{"start":{"line":645,"column":1},"end":{"line":675,"column":2}},"type":"if","locations":[{"start":{"line":645,"column":1},"end":{"line":675,"column":2}},{"start":{},"end":{}}],"line":645},"62":{"loc":{"start":{"line":649,"column":2},"end":{"line":651,"column":3}},"type":"if","locations":[{"start":{"line":649,"column":2},"end":{"line":651,"column":3}},{"start":{},"end":{}}],"line":649},"63":{"loc":{"start":{"line":660,"column":2},"end":{"line":662,"column":3}},"type":"if","locations":[{"start":{"line":660,"column":2},"end":{"line":662,"column":3}},{"start":{},"end":{}}],"line":660},"64":{"loc":{"start":{"line":668,"column":2},"end":{"line":674,"column":3}},"type":"if","locations":[{"start":{"line":668,"column":2},"end":{"line":674,"column":3}},{"start":{"line":672,"column":7},"end":{"line":674,"column":3}}],"line":668},"65":{"loc":{"start":{"line":672,"column":7},"end":{"line":674,"column":3}},"type":"if","locations":[{"start":{"line":672,"column":7},"end":{"line":674,"column":3}},{"start":{},"end":{}}],"line":672},"66":{"loc":{"start":{"line":672,"column":11},"end":{"line":672,"column":75}},"type":"binary-expr","locations":[{"start":{"line":672,"column":11},"end":{"line":672,"column":40}},{"start":{"line":672,"column":44},"end":{"line":672,"column":75}}],"line":672},"67":{"loc":{"start":{"line":685,"column":1},"end":{"line":687,"column":2}},"type":"if","locations":[{"start":{"line":685,"column":1},"end":{"line":687,"column":2}},{"start":{},"end":{}}],"line":685},"68":{"loc":{"start":{"line":690,"column":1},"end":{"line":698,"column":2}},"type":"if","locations":[{"start":{"line":690,"column":1},"end":{"line":698,"column":2}},{"start":{},"end":{}}],"line":690},"69":{"loc":{"start":{"line":701,"column":1},"end":{"line":703,"column":2}},"type":"if","locations":[{"start":{"line":701,"column":1},"end":{"line":703,"column":2}},{"start":{},"end":{}}],"line":701},"70":{"loc":{"start":{"line":709,"column":1},"end":{"line":735,"column":2}},"type":"if","locations":[{"start":{"line":709,"column":1},"end":{"line":735,"column":2}},{"start":{"line":733,"column":8},"end":{"line":735,"column":2}}],"line":709},"71":{"loc":{"start":{"line":713,"column":2},"end":{"line":732,"column":3}},"type":"if","locations":[{"start":{"line":713,"column":2},"end":{"line":732,"column":3}},{"start":{"line":717,"column":9},"end":{"line":732,"column":3}}],"line":713},"72":{"loc":{"start":{"line":714,"column":3},"end":{"line":716,"column":4}},"type":"if","locations":[{"start":{"line":714,"column":3},"end":{"line":716,"column":4}},{"start":{},"end":{}}],"line":714},"73":{"loc":{"start":{"line":719,"column":3},"end":{"line":731,"column":4}},"type":"if","locations":[{"start":{"line":719,"column":3},"end":{"line":731,"column":4}},{"start":{"line":723,"column":8},"end":{"line":731,"column":4}}],"line":719},"74":{"loc":{"start":{"line":719,"column":7},"end":{"line":719,"column":71}},"type":"binary-expr","locations":[{"start":{"line":719,"column":7},"end":{"line":719,"column":38}},{"start":{"line":719,"column":42},"end":{"line":719,"column":71}}],"line":719},"75":{"loc":{"start":{"line":723,"column":8},"end":{"line":731,"column":4}},"type":"if","locations":[{"start":{"line":723,"column":8},"end":{"line":731,"column":4}},{"start":{"line":729,"column":8},"end":{"line":731,"column":4}}],"line":723},"76":{"loc":{"start":{"line":723,"column":12},"end":{"line":723,"column":76}},"type":"binary-expr","locations":[{"start":{"line":723,"column":12},"end":{"line":723,"column":41}},{"start":{"line":723,"column":45},"end":{"line":723,"column":76}}],"line":723},"77":{"loc":{"start":{"line":724,"column":4},"end":{"line":726,"column":5}},"type":"if","locations":[{"start":{"line":724,"column":4},"end":{"line":726,"column":5}},{"start":{},"end":{}}],"line":724},"78":{"loc":{"start":{"line":729,"column":8},"end":{"line":731,"column":4}},"type":"if","locations":[{"start":{"line":729,"column":8},"end":{"line":731,"column":4}},{"start":{},"end":{}}],"line":729},"79":{"loc":{"start":{"line":744,"column":2},"end":{"line":746,"column":3}},"type":"if","locations":[{"start":{"line":744,"column":2},"end":{"line":746,"column":3}},{"start":{},"end":{}}],"line":744},"80":{"loc":{"start":{"line":761,"column":2},"end":{"line":764,"column":3}},"type":"if","locations":[{"start":{"line":761,"column":2},"end":{"line":764,"column":3}},{"start":{},"end":{}}],"line":761},"81":{"loc":{"start":{"line":774,"column":1},"end":{"line":777,"column":2}},"type":"if","locations":[{"start":{"line":774,"column":1},"end":{"line":777,"column":2}},{"start":{},"end":{}}],"line":774},"82":{"loc":{"start":{"line":781,"column":2},"end":{"line":784,"column":3}},"type":"if","locations":[{"start":{"line":781,"column":2},"end":{"line":784,"column":3}},{"start":{},"end":{}}],"line":781},"83":{"loc":{"start":{"line":781,"column":6},"end":{"line":781,"column":102}},"type":"binary-expr","locations":[{"start":{"line":781,"column":6},"end":{"line":781,"column":28}},{"start":{"line":781,"column":32},"end":{"line":781,"column":68}},{"start":{"line":781,"column":72},"end":{"line":781,"column":102}}],"line":781},"84":{"loc":{"start":{"line":788,"column":1},"end":{"line":792,"column":2}},"type":"if","locations":[{"start":{"line":788,"column":1},"end":{"line":792,"column":2}},{"start":{"line":790,"column":8},"end":{"line":792,"column":2}}],"line":788}},"s":{"0":3,"1":3,"2":3,"3":10,"4":10,"5":10,"6":10,"7":10,"8":10,"9":10,"10":10,"11":10,"12":10,"13":10,"14":10,"15":10,"16":74,"17":3,"18":51,"19":51,"20":3,"21":3,"22":3,"23":3,"24":3,"25":3,"26":3,"27":3,"28":10,"29":4,"30":4,"31":4,"32":8,"33":4,"34":1,"35":2,"36":2,"37":6,"38":2,"39":2,"40":2,"41":4,"42":2,"43":2,"44":0,"45":0,"46":0,"47":0,"48":0,"49":0,"50":0,"51":0,"52":0,"53":0,"54":3,"55":0,"56":0,"57":0,"58":0,"59":0,"60":0,"61":0,"62":0,"63":0,"64":0,"65":0,"66":0,"67":0,"68":0,"69":0,"70":0,"71":0,"72":0,"73":0,"74":0,"75":0,"76":0,"77":0,"78":0,"79":0,"80":0,"81":0,"82":0,"83":0,"84":0,"85":0,"86":0,"87":0,"88":3,"89":5,"90":5,"91":5,"92":5,"93":5,"94":5,"95":5,"96":5,"97":5,"98":50,"99":10,"100":0,"101":0,"102":10,"103":10,"104":5,"105":5,"106":5,"107":5,"108":5,"109":27,"110":27,"111":8,"112":5,"113":0,"114":0,"115":5,"116":3,"117":5,"118":5,"119":5,"120":0,"121":5,"122":5,"123":5,"124":3,"125":3,"126":3,"127":3,"128":0,"129":0,"130":0,"131":0,"132":0,"133":0,"134":0,"135":0,"136":0,"137":0,"138":3,"139":0,"140":0,"141":0,"142":0,"143":0,"144":0,"145":0,"146":0,"147":0,"148":0,"149":0,"150":0,"151":0,"152":0,"153":0,"154":0,"155":0,"156":0,"157":0,"158":0,"159":3,"160":3,"161":3,"162":0,"163":0,"164":3,"165":3,"166":0,"167":0,"168":0,"169":0,"170":0,"171":0,"172":0,"173":0,"174":0,"175":0,"176":3,"177":3,"178":0,"179":0,"180":0,"181":0,"182":0,"183":0,"184":0,"185":0,"186":0,"187":0,"188":0,"189":0,"190":0,"191":0,"192":0,"193":0,"194":0,"195":0,"196":3,"197":0,"198":0,"199":0,"200":0,"201":0,"202":3,"203":3,"204":3,"205":3,"206":3,"207":3,"208":3,"209":3,"210":0,"211":0,"212":0,"213":0,"214":0,"215":0,"216":3,"217":0,"218":0,"219":0,"220":0,"221":0,"222":0,"223":0,"224":0,"225":0,"226":0,"227":0,"228":0,"229":0,"230":3,"231":0,"232":0,"233":0,"234":0,"235":0,"236":3,"237":0,"238":0,"239":0,"240":0,"241":0,"242":0,"243":0,"244":3,"245":0,"246":0,"247":0,"248":0,"249":0,"250":0,"251":0,"252":0,"253":0,"254":3,"255":0,"256":0,"257":0,"258":0,"259":0,"260":0,"261":0,"262":0,"263":0,"264":0,"265":0,"266":3,"267":20,"268":20,"269":20,"270":20,"271":20,"272":3,"273":20,"274":20,"275":20,"276":20,"277":20,"278":20,"279":5,"280":3,"281":0,"282":0,"283":0,"284":0,"285":0,"286":0,"287":0,"288":0,"289":0,"290":0,"291":0,"292":0,"293":0,"294":0,"295":0,"296":0,"297":3,"298":0,"299":0,"300":0,"301":0,"302":0,"303":0,"304":0,"305":0,"306":0,"307":0,"308":0,"309":0,"310":0,"311":0,"312":0,"313":0,"314":0,"315":0,"316":0,"317":0,"318":0,"319":0,"320":0,"321":0,"322":0,"323":3,"324":0,"325":0,"326":0,"327":0,"328":0,"329":0,"330":0,"331":0,"332":3,"333":0,"334":0,"335":0,"336":0,"337":0,"338":3,"339":0,"340":0,"341":0,"342":0,"343":0,"344":0,"345":0,"346":0,"347":0,"348":0,"349":0,"350":3,"351":0,"352":0,"353":0,"354":0,"355":0,"356":0,"357":0,"358":0,"359":0,"360":3,"361":74,"362":74,"363":3},"f":{"0":10,"1":51,"2":3,"3":0,"4":5,"5":5,"6":3,"7":0,"8":0,"9":0,"10":3,"11":0,"12":0,"13":0,"14":3,"15":0,"16":0,"17":0,"18":0,"19":0,"20":0,"21":20,"22":20,"23":0,"24":0,"25":0,"26":0,"27":0,"28":0,"29":74},"b":{"0":[3,0],"1":[3,0],"2":[3,0],"3":[3,0],"4":[4,6],"5":[1,3],"6":[2,4],"7":[2,0],"8":[0,0],"9":[0,0],"10":[0,0],"11":[0,0],"12":[0,0],"13":[0,0],"14":[0,0],"15":[0,0],"16":[0,0],"17":[0,0],"18":[0,0],"19":[0,0],"20":[0,0],"21":[0,0],"22":[0,0],"23":[0,0],"24":[0,0],"25":[0,0],"26":[0,5],"27":[5,0],"28":[10,40],"29":[50,10],"30":[0,10],"31":[5,0],"32":[32,27],"33":[8,19],"34":[27,8],"35":[0,0],"36":[0,0],"37":[5,0],"38":[0,0,0],"39":[0,0],"40":[0,3,0,0,0,0],"41":[0,0],"42":[0,0],"43":[0,0],"44":[0,0],"45":[0,0,0,0],"46":[3,0],"47":[3,0],"48":[0,0],"49":[0,0],"50":[0,0],"51":[0,0],"52":[0,0],"53":[0,0],"54":[0,0],"55":[0,0],"56":[0,0],"57":[0,0],"58":[0,0],"59":[5,15],"60":[20,10],"61":[0,0],"62":[0,0],"63":[0,0],"64":[0,0],"65":[0,0],"66":[0,0],"67":[0,0],"68":[0,0],"69":[0,0],"70":[0,0],"71":[0,0],"72":[0,0],"73":[0,0],"74":[0,0],"75":[0,0],"76":[0,0],"77":[0,0],"78":[0,0],"79":[0,0],"80":[0,0],"81":[0,0],"82":[0,0],"83":[0,0,0],"84":[0,0]},"_coverageSchema":"1a1c01bbd47fc00a2c39e90264f33305004495a9","hash":"80419042decec95d736c24ca6c19e10dd838ae0e"}
}
