TN:
SF:C:\Users\John8\Desktop\homework\SoftwareTesting\poker\Poker\app.js
FN:33,(anonymous_0)
FN:38,(anonymous_1)
FN:56,(anonymous_2)
FN:61,(anonymous_3)
FN:66,(anonymous_4)
FN:71,(anonymous_5)
FN:77,(anonymous_6)
FN:83,(anonymous_7)
FN:97,(anonymous_8)
FN:112,(anonymous_9)
FN:133,(anonymous_10)
FN:152,(anonymous_11)
FN:187,(anonymous_12)
FN:236,(anonymous_13)
FN:250,(anonymous_14)
FN:281,(anonymous_15)
FN:319,(anonymous_16)
FN:336,(anonymous_17)
FN:357,(anonymous_18)
FN:378,(anonymous_19)
FN:413,(anonymous_20)
FN:429,(anonymous_21)
FN:430,(anonymous_22)
FN:439,htmlEntities
FNF:24
FNH:18
FNDA:0,(anonymous_0)
FNDA:0,(anonymous_1)
FNDA:0,(anonymous_2)
FNDA:0,(anonymous_3)
FNDA:0,(anonymous_4)
FNDA:0,(anonymous_5)
FNDA:25,(anonymous_6)
FNDA:21,(anonymous_7)
FNDA:1,(anonymous_8)
FNDA:23,(anonymous_9)
FNDA:2,(anonymous_10)
FNDA:24,(anonymous_11)
FNDA:20,(anonymous_12)
FNDA:2,(anonymous_13)
FNDA:7,(anonymous_14)
FNDA:1,(anonymous_15)
FNDA:1,(anonymous_16)
FNDA:1,(anonymous_17)
FNDA:1,(anonymous_18)
FNDA:1,(anonymous_19)
FNDA:2,(anonymous_20)
FNDA:29,(anonymous_21)
FNDA:235,(anonymous_22)
FNDA:2,htmlEntities
DA:1,1
DA:2,1
DA:3,1
DA:4,1
DA:5,1
DA:6,1
DA:7,1
DA:8,1
DA:10,1
DA:11,1
DA:12,1
DA:13,1
DA:14,1
DA:15,1
DA:16,1
DA:17,1
DA:20,1
DA:21,0
DA:24,1
DA:25,1
DA:26,1
DA:28,1
DA:29,1
DA:30,1
DA:33,1
DA:34,0
DA:38,1
DA:39,0
DA:40,0
DA:42,0
DA:43,0
DA:44,0
DA:45,0
DA:46,0
DA:47,0
DA:48,0
DA:49,0
DA:52,0
DA:56,1
DA:57,0
DA:61,1
DA:62,0
DA:66,1
DA:67,0
DA:71,1
DA:72,0
DA:73,0
DA:77,1
DA:83,25
DA:84,21
DA:86,21
DA:88,21
DA:90,21
DA:97,25
DA:101,1
DA:103,1
DA:105,1
DA:112,25
DA:114,23
DA:116,21
DA:118,13
DA:120,13
DA:122,13
DA:125,21
DA:133,25
DA:135,2
DA:137,2
DA:139,2
DA:141,2
DA:143,2
DA:152,25
DA:156,24
DA:157,24
DA:159,24
DA:160,23
DA:161,23
DA:162,45
DA:163,1
DA:164,1
DA:167,23
DA:169,22
DA:170,22
DA:172,1
DA:175,1
DA:179,0
DA:187,25
DA:188,20
DA:190,20
DA:216,19
DA:217,1
DA:218,18
DA:219,2
DA:222,16
DA:224,16
DA:228,1
DA:236,25
DA:237,2
DA:239,1
DA:240,1
DA:241,1
DA:250,25
DA:251,7
DA:252,6
DA:253,6
DA:255,6
DA:260,6
DA:261,5
DA:262,5
DA:264,4
DA:267,1
DA:270,1
DA:271,1
DA:281,25
DA:282,1
DA:283,1
DA:285,1
DA:286,1
DA:292,1
DA:293,1
DA:294,1
DA:296,1
DA:297,1
DA:298,1
DA:299,1
DA:300,1
DA:303,1
DA:309,1
DA:310,1
DA:319,25
DA:320,1
DA:321,1
DA:322,1
DA:324,1
DA:326,0
DA:327,0
DA:336,25
DA:337,1
DA:338,1
DA:339,1
DA:341,1
DA:342,1
DA:344,1
DA:346,1
DA:347,1
DA:357,25
DA:358,1
DA:359,1
DA:360,1
DA:362,1
DA:364,1
DA:365,1
DA:367,1
DA:368,1
DA:378,25
DA:379,1
DA:380,1
DA:381,1
DA:383,1
DA:395,1
DA:396,1
DA:397,1
DA:398,1
DA:400,1
DA:402,1
DA:413,25
DA:414,2
DA:415,2
DA:416,2
DA:417,2
DA:418,1
DA:429,1
DA:430,29
DA:431,235
DA:440,2
DA:443,1
DA:444,1
DA:445,1
DA:446,1
DA:448,1
LF:179
LH:158
BRDA:20,0,0,0
BRDA:20,0,1,1
BRDA:28,1,0,1
BRDA:28,1,1,1
BRDA:42,2,0,0
BRDA:42,2,1,0
BRDA:72,3,0,0
BRDA:72,3,1,0
BRDA:72,4,0,0
BRDA:72,4,1,0
BRDA:84,5,0,21
BRDA:84,5,1,0
BRDA:84,6,0,21
BRDA:84,6,1,21
BRDA:101,7,0,1
BRDA:101,7,1,0
BRDA:101,8,0,1
BRDA:101,8,1,1
BRDA:101,8,2,1
BRDA:114,9,0,21
BRDA:114,9,1,2
BRDA:116,10,0,13
BRDA:116,10,1,8
BRDA:116,11,0,21
BRDA:116,11,1,13
BRDA:135,12,0,2
BRDA:135,12,1,0
BRDA:135,13,0,2
BRDA:135,13,1,2
BRDA:156,14,0,24
BRDA:156,14,1,0
BRDA:159,15,0,23
BRDA:159,15,1,1
BRDA:159,16,0,24
BRDA:159,16,1,23
BRDA:162,17,0,1
BRDA:162,17,1,44
BRDA:162,18,0,45
BRDA:162,18,1,45
BRDA:167,19,0,22
BRDA:167,19,1,1
BRDA:190,20,0,19
BRDA:190,20,1,1
BRDA:192,21,0,20
BRDA:192,21,1,20
BRDA:192,21,2,20
BRDA:192,21,3,20
BRDA:192,21,4,20
BRDA:192,21,5,20
BRDA:192,21,6,20
BRDA:192,21,7,20
BRDA:192,21,8,20
BRDA:192,21,9,20
BRDA:192,21,10,20
BRDA:192,21,11,20
BRDA:192,21,12,20
BRDA:192,21,13,20
BRDA:216,22,0,1
BRDA:216,22,1,18
BRDA:218,23,0,2
BRDA:218,23,1,16
BRDA:218,24,0,18
BRDA:218,24,1,17
BRDA:237,25,0,1
BRDA:237,25,1,1
BRDA:237,26,0,2
BRDA:237,26,1,2
BRDA:237,26,2,2
BRDA:251,27,0,6
BRDA:251,27,1,1
BRDA:255,28,0,6
BRDA:255,28,1,0
BRDA:255,29,0,6
BRDA:255,29,1,6
BRDA:255,29,2,6
BRDA:255,29,3,6
BRDA:255,29,4,2
BRDA:260,30,0,5
BRDA:260,30,1,1
BRDA:262,31,0,4
BRDA:262,31,1,1
BRDA:292,32,0,1
BRDA:292,32,1,0
BRDA:303,33,0,1
BRDA:303,33,1,0
BRDA:303,34,0,1
BRDA:303,34,1,1
BRDA:303,34,2,1
BRDA:303,34,3,0
BRDA:303,34,4,0
BRDA:303,34,5,0
BRDA:320,35,0,1
BRDA:320,35,1,0
BRDA:324,36,0,0
BRDA:324,36,1,1
BRDA:324,37,0,1
BRDA:324,37,1,1
BRDA:324,37,2,0
BRDA:337,38,0,1
BRDA:337,38,1,0
BRDA:344,39,0,1
BRDA:344,39,1,0
BRDA:344,40,0,1
BRDA:344,40,1,1
BRDA:344,40,2,1
BRDA:344,40,3,1
BRDA:358,41,0,1
BRDA:358,41,1,0
BRDA:362,42,0,1
BRDA:362,42,1,0
BRDA:362,43,0,1
BRDA:362,43,1,1
BRDA:362,43,2,1
BRDA:362,43,3,1
BRDA:365,44,0,1
BRDA:365,44,1,0
BRDA:365,45,0,1
BRDA:365,45,1,1
BRDA:365,45,2,1
BRDA:379,46,0,1
BRDA:379,46,1,0
BRDA:383,47,0,1
BRDA:383,47,1,0
BRDA:385,48,0,1
BRDA:385,48,1,1
BRDA:385,48,2,1
BRDA:385,48,3,1
BRDA:385,48,4,1
BRDA:396,49,0,1
BRDA:396,49,1,0
BRDA:396,50,0,1
BRDA:396,50,1,1
BRDA:398,51,0,1
BRDA:398,51,1,0
BRDA:417,52,0,1
BRDA:417,52,1,1
BRDA:417,53,0,2
BRDA:417,53,1,1
BRF:138
BRH:109
end_of_record
TN:
SF:C:\Users\John8\Desktop\homework\SoftwareTesting\poker\Poker\poker_modules\deck.js
FN:4,(anonymous_0)
FN:22,(anonymous_1)
FN:35,(anonymous_2)
FNF:3
FNH:3
FNDA:31,(anonymous_0)
FNDA:36,(anonymous_1)
FNDA:21,(anonymous_2)
DA:4,3
DA:5,31
DA:6,31
DA:22,3
DA:24,36
DA:25,36
DA:27,36
DA:28,1872
DA:29,1872
DA:31,36
DA:35,3
DA:36,21
DA:37,21
DA:38,49
DA:39,49
DA:41,21
DA:44,3
LF:17
LH:17
BRDA:37,0,0,70
BRDA:37,0,1,49
BRF:2
BRH:2
end_of_record
TN:
SF:C:\Users\John8\Desktop\homework\SoftwareTesting\poker\Poker\poker_modules\player.js
FN:8,(anonymous_0)
FN:44,(anonymous_1)
FN:62,(anonymous_2)
FN:75,(anonymous_3)
FN:85,(anonymous_4)
FN:96,(anonymous_5)
FN:109,(anonymous_6)
FN:121,(anonymous_7)
FN:135,(anonymous_8)
FN:141,(anonymous_9)
FN:150,(anonymous_10)
FN:158,(anonymous_11)
FN:163,(anonymous_12)
FNF:13
FNH:7
FNDA:72,(anonymous_0)
FNDA:15,(anonymous_1)
FNDA:66,(anonymous_2)
FNDA:30,(anonymous_3)
FNDA:0,(anonymous_4)
FNDA:7,(anonymous_5)
FNDA:1,(anonymous_6)
FNDA:79,(anonymous_7)
FNDA:0,(anonymous_8)
FNDA:0,(anonymous_9)
FNDA:0,(anonymous_10)
FNDA:0,(anonymous_11)
FNDA:0,(anonymous_12)
DA:8,1
DA:9,72
DA:26,72
DA:28,72
DA:30,72
DA:32,72
DA:34,72
DA:36,72
DA:38,72
DA:44,1
DA:45,15
DA:46,15
DA:48,15
DA:49,15
DA:51,15
DA:52,15
DA:62,1
DA:64,66
DA:65,66
DA:66,66
DA:68,66
DA:69,66
DA:75,1
DA:76,30
DA:77,30
DA:78,30
DA:85,1
DA:87,0
DA:88,0
DA:89,0
DA:96,1
DA:97,7
DA:98,7
DA:99,0
DA:101,7
DA:102,7
DA:109,1
DA:110,1
DA:111,1
DA:112,0
DA:114,1
DA:115,1
DA:121,1
DA:122,79
DA:123,79
DA:124,79
DA:125,79
DA:126,79
DA:127,79
DA:135,1
DA:136,0
DA:137,0
DA:138,0
DA:141,0
DA:142,0
DA:143,0
DA:145,0
DA:150,0
DA:151,0
DA:152,0
DA:153,0
DA:154,0
DA:158,0
DA:159,0
DA:163,0
DA:164,0
DA:167,0
DA:168,0
DA:169,0
DA:170,0
DA:182,0
DA:184,0
DA:187,0
DA:189,0
DA:192,0
DA:193,0
DA:196,0
DA:197,0
DA:200,0
DA:201,0
DA:204,0
DA:205,0
DA:206,0
DA:208,0
DA:214,0
DA:216,0
DA:217,0
DA:221,0
DA:222,0
DA:223,0
DA:228,0
DA:229,0
DA:230,0
DA:232,0
DA:233,0
DA:234,0
DA:235,0
DA:236,0
DA:237,0
DA:239,0
DA:240,0
DA:242,0
DA:243,0
DA:245,0
DA:247,0
DA:248,0
DA:250,0
DA:251,0
DA:252,0
DA:253,0
DA:255,0
DA:260,0
DA:261,0
DA:262,0
DA:264,0
DA:269,0
DA:270,0
DA:272,0
DA:273,0
DA:275,0
DA:276,0
DA:277,0
DA:279,0
DA:281,0
DA:283,0
DA:284,0
DA:285,0
DA:286,0
DA:287,0
DA:288,0
DA:290,0
DA:294,0
DA:295,0
DA:296,0
DA:297,0
DA:298,0
DA:299,0
DA:301,0
DA:305,0
DA:306,0
DA:307,0
DA:308,0
DA:309,0
DA:310,0
DA:312,0
DA:317,0
DA:319,0
DA:320,0
DA:321,0
DA:323,0
DA:324,0
DA:328,0
DA:330,0
DA:331,0
DA:333,0
DA:335,0
DA:336,0
DA:337,0
DA:338,0
DA:340,0
DA:344,0
DA:345,0
DA:346,0
DA:347,0
DA:351,0
DA:352,0
DA:353,0
DA:354,0
DA:355,0
DA:357,0
DA:362,0
DA:364,0
DA:365,0
DA:366,0
DA:367,0
DA:368,0
DA:369,0
DA:373,0
DA:374,0
DA:375,0
DA:376,0
DA:377,0
DA:378,0
DA:380,0
DA:381,0
DA:384,0
DA:385,0
DA:386,0
DA:388,0
DA:389,0
DA:394,0
DA:395,0
DA:396,0
DA:399,0
DA:400,0
DA:405,0
DA:406,0
DA:407,0
DA:408,0
DA:409,0
DA:411,0
DA:418,0
DA:419,0
DA:420,0
DA:423,0
DA:425,0
DA:426,0
DA:427,0
DA:429,0
DA:430,0
DA:431,0
DA:433,0
DA:434,0
DA:435,0
DA:437,0
DA:438,0
DA:439,0
DA:441,0
DA:442,0
DA:443,0
DA:445,0
DA:446,0
DA:447,0
DA:449,0
DA:450,0
DA:451,0
DA:453,0
DA:454,0
DA:455,0
DA:457,0
DA:458,0
DA:459,0
DA:461,0
DA:462,0
DA:463,0
DA:465,0
DA:468,1
LF:237
LH:46
BRDA:45,0,0,15
BRDA:45,0,1,0
BRDA:76,1,0,30
BRDA:76,1,1,0
BRDA:98,2,0,0
BRDA:98,2,1,7
BRDA:111,3,0,0
BRDA:111,3,1,1
BRDA:142,4,0,0
BRDA:142,4,1,0
BRDA:142,5,0,0
BRDA:142,5,1,0
BRDA:143,6,0,0
BRDA:143,6,1,0
BRDA:151,7,0,0
BRDA:151,7,1,0
BRDA:196,8,0,0
BRDA:196,8,1,0
BRDA:200,9,0,0
BRDA:200,9,1,0
BRDA:200,10,0,0
BRDA:200,10,1,0
BRDA:204,11,0,0
BRDA:204,11,1,0
BRDA:205,12,0,0
BRDA:205,12,1,0
BRDA:214,13,0,0
BRDA:214,13,1,0
BRDA:216,14,0,0
BRDA:216,14,1,0
BRDA:216,15,0,0
BRDA:216,15,1,0
BRDA:221,16,0,0
BRDA:221,16,1,0
BRDA:230,17,0,0
BRDA:230,17,1,0
BRDA:232,18,0,0
BRDA:232,18,1,0
BRDA:235,19,0,0
BRDA:235,19,1,0
BRDA:239,20,0,0
BRDA:239,20,1,0
BRDA:242,21,0,0
BRDA:242,21,1,0
BRDA:242,22,0,0
BRDA:242,22,1,0
BRDA:247,23,0,0
BRDA:247,23,1,0
BRDA:247,24,0,0
BRDA:247,24,1,0
BRDA:247,24,2,0
BRDA:250,25,0,0
BRDA:250,25,1,0
BRDA:252,26,0,0
BRDA:252,26,1,0
BRDA:260,27,0,0
BRDA:260,27,1,0
BRDA:260,28,0,0
BRDA:260,28,1,0
BRDA:269,29,0,0
BRDA:269,29,1,0
BRDA:277,30,0,0
BRDA:277,30,1,0
BRDA:279,31,0,0
BRDA:279,31,1,0
BRDA:283,32,0,0
BRDA:283,32,1,0
BRDA:286,33,0,0
BRDA:286,33,1,0
BRDA:294,34,0,0
BRDA:294,34,1,0
BRDA:297,35,0,0
BRDA:297,35,1,0
BRDA:305,36,0,0
BRDA:305,36,1,0
BRDA:308,37,0,0
BRDA:308,37,1,0
BRDA:317,38,0,0
BRDA:317,38,1,0
BRDA:319,39,0,0
BRDA:319,39,1,0
BRDA:319,40,0,0
BRDA:319,40,1,0
BRDA:319,40,2,0
BRDA:328,41,0,0
BRDA:328,41,1,0
BRDA:336,42,0,0
BRDA:336,42,1,0
BRDA:336,43,0,0
BRDA:336,43,1,0
BRDA:344,44,0,0
BRDA:344,44,1,0
BRDA:353,45,0,0
BRDA:353,45,1,0
BRDA:365,46,0,0
BRDA:365,46,1,0
BRDA:373,47,0,0
BRDA:373,47,1,0
BRDA:375,48,0,0
BRDA:375,48,1,0
BRDA:376,49,0,0
BRDA:376,49,1,0
BRDA:384,50,0,0
BRDA:384,50,1,0
BRDA:394,51,0,0
BRDA:394,51,1,0
BRDA:405,52,0,0
BRDA:405,52,1,0
BRDA:407,53,0,0
BRDA:407,53,1,0
BRDA:407,54,0,0
BRDA:407,54,1,0
BRDA:418,55,0,0
BRDA:418,55,1,0
BRDA:423,56,0,0
BRDA:423,56,1,0
BRDA:423,56,2,0
BRDA:423,56,3,0
BRDA:423,56,4,0
BRDA:423,56,5,0
BRDA:423,56,6,0
BRDA:423,56,7,0
BRDA:423,56,8,0
BRDA:423,56,9,0
BRF:124
BRH:4
end_of_record
TN:
SF:C:\Users\John8\Desktop\homework\SoftwareTesting\poker\Poker\poker_modules\pot.js
FN:4,(anonymous_0)
FN:21,(anonymous_1)
FN:31,(anonymous_2)
FN:100,(anonymous_3)
FN:112,(anonymous_4)
FN:169,(anonymous_5)
FN:186,(anonymous_6)
FN:196,(anonymous_7)
FNF:8
FNH:5
FNDA:31,(anonymous_0)
FNDA:1,(anonymous_1)
FNDA:0,(anonymous_2)
FNDA:2,(anonymous_3)
FNDA:0,(anonymous_4)
FNDA:0,(anonymous_5)
FNDA:15,(anonymous_6)
FNDA:2,(anonymous_7)
DA:4,3
DA:10,31
DA:21,3
DA:22,1
DA:23,1
DA:24,1
DA:31,3
DA:33,0
DA:36,0
DA:38,0
DA:42,0
DA:43,0
DA:44,0
DA:45,0
DA:47,0
DA:48,0
DA:50,0
DA:51,0
DA:59,0
DA:60,0
DA:61,0
DA:62,0
DA:63,0
DA:64,0
DA:65,0
DA:73,0
DA:74,0
DA:75,0
DA:76,0
DA:77,0
DA:78,0
DA:84,0
DA:92,0
DA:100,3
DA:102,2
DA:104,2
DA:105,2
DA:107,2
DA:108,0
DA:112,3
DA:113,0
DA:114,0
DA:117,0
DA:118,0
DA:119,0
DA:120,0
DA:121,0
DA:122,0
DA:123,0
DA:124,0
DA:125,0
DA:127,0
DA:128,0
DA:132,0
DA:133,0
DA:134,0
DA:135,0
DA:136,0
DA:138,0
DA:140,0
DA:141,0
DA:143,0
DA:144,0
DA:145,0
DA:146,0
DA:148,0
DA:151,0
DA:152,0
DA:153,0
DA:154,0
DA:159,0
DA:161,0
DA:169,3
DA:170,0
DA:171,0
DA:173,0
DA:174,0
DA:175,0
DA:178,0
DA:179,0
DA:186,3
DA:187,15
DA:188,15
DA:189,15
DA:190,15
DA:191,0
DA:196,3
DA:197,2
DA:201,3
LF:89
LH:22
BRDA:43,0,0,0
BRDA:43,0,1,0
BRDA:43,1,0,0
BRDA:43,1,1,0
BRDA:44,2,0,0
BRDA:44,2,1,0
BRDA:47,3,0,0
BRDA:47,3,1,0
BRDA:50,4,0,0
BRDA:50,4,1,0
BRDA:59,5,0,0
BRDA:59,5,1,0
BRDA:61,6,0,0
BRDA:61,6,1,0
BRDA:61,7,0,0
BRDA:61,7,1,0
BRDA:64,8,0,0
BRDA:64,8,1,0
BRDA:74,9,0,0
BRDA:74,9,1,0
BRDA:74,10,0,0
BRDA:74,10,1,0
BRDA:77,11,0,0
BRDA:77,11,1,0
BRDA:107,12,0,0
BRDA:107,12,1,2
BRDA:122,13,0,0
BRDA:122,13,1,0
BRDA:122,14,0,0
BRDA:122,14,1,0
BRDA:122,14,2,0
BRDA:123,15,0,0
BRDA:123,15,1,0
BRDA:127,16,0,0
BRDA:127,16,1,0
BRDA:132,17,0,0
BRDA:132,17,1,0
BRDA:145,18,0,0
BRDA:145,18,1,0
BRDA:145,19,0,0
BRDA:145,19,1,0
BRDA:190,20,0,0
BRDA:190,20,1,15
BRF:43
BRH:2
end_of_record
TN:
SF:C:\Users\John8\Desktop\homework\SoftwareTesting\poker\Poker\poker_modules\table.js
FN:17,(anonymous_0)
FN:84,(anonymous_1)
FN:100,(anonymous_2)
FN:154,(anonymous_3)
FN:205,(anonymous_4)
FN:260,(anonymous_5)
FN:282,(anonymous_6)
FN:291,(anonymous_7)
FN:311,(anonymous_8)
FN:336,(anonymous_9)
FN:347,(anonymous_10)
FN:386,(anonymous_11)
FN:416,(anonymous_12)
FN:424,(anonymous_13)
FN:441,(anonymous_14)
FN:459,(anonymous_15)
FN:476,(anonymous_16)
FN:505,(anonymous_17)
FN:525,(anonymous_18)
FN:548,(anonymous_19)
FN:573,(anonymous_20)
FN:600,(anonymous_21)
FN:616,(anonymous_22)
FN:642,(anonymous_23)
FN:689,(anonymous_24)
FN:745,(anonymous_25)
FN:763,(anonymous_26)
FN:777,(anonymous_27)
FN:804,(anonymous_28)
FN:819,(anonymous_29)
FNF:30
FNH:21
FNDA:30,(anonymous_0)
FNDA:235,(anonymous_1)
FNDA:103,(anonymous_2)
FNDA:2,(anonymous_3)
FNDA:35,(anonymous_4)
FNDA:40,(anonymous_5)
FNDA:9,(anonymous_6)
FNDA:6,(anonymous_7)
FNDA:0,(anonymous_8)
FNDA:0,(anonymous_9)
FNDA:21,(anonymous_10)
FNDA:0,(anonymous_11)
FNDA:0,(anonymous_12)
FNDA:0,(anonymous_13)
FNDA:4,(anonymous_14)
FNDA:1,(anonymous_15)
FNDA:0,(anonymous_16)
FNDA:1,(anonymous_17)
FNDA:1,(anonymous_18)
FNDA:1,(anonymous_19)
FNDA:1,(anonymous_20)
FNDA:66,(anonymous_21)
FNDA:67,(anonymous_22)
FNDA:15,(anonymous_23)
FNDA:15,(anonymous_24)
FNDA:14,(anonymous_25)
FNDA:0,(anonymous_26)
FNDA:0,(anonymous_27)
FNDA:0,(anonymous_28)
FNDA:327,(anonymous_29)
DA:1,2
DA:2,2
DA:17,2
DA:19,30
DA:21,30
DA:23,30
DA:25,30
DA:27,30
DA:29,30
DA:31,30
DA:33,30
DA:35,30
DA:37,30
DA:39,30
DA:78,30
DA:79,274
DA:84,2
DA:85,235
DA:86,235
DA:100,2
DA:101,103
DA:102,103
DA:104,103
DA:105,21
DA:106,21
DA:107,21
DA:108,69
DA:109,13
DA:110,13
DA:111,26
DA:113,13
DA:114,13
DA:119,8
DA:120,8
DA:121,8
DA:122,8
DA:123,16
DA:125,8
DA:126,8
DA:131,82
DA:132,82
DA:133,258
DA:134,53
DA:138,29
DA:139,29
DA:140,29
DA:145,0
DA:154,2
DA:155,2
DA:156,2
DA:158,2
DA:159,0
DA:160,0
DA:161,0
DA:162,0
DA:163,0
DA:164,0
DA:165,0
DA:167,0
DA:168,0
DA:173,0
DA:174,0
DA:175,0
DA:176,0
DA:177,0
DA:179,0
DA:180,0
DA:185,2
DA:186,2
DA:187,2
DA:188,2
DA:192,0
DA:193,0
DA:194,0
DA:199,0
DA:205,2
DA:206,35
DA:208,35
DA:209,35
DA:212,35
DA:214,35
DA:215,35
DA:216,35
DA:217,35
DA:218,35
DA:220,35
DA:222,350
DA:223,79
DA:224,0
DA:225,0
DA:227,79
DA:228,79
DA:234,35
DA:235,25
DA:236,25
DA:237,25
DA:240,25
DA:241,37
DA:242,37
DA:243,37
DA:246,25
DA:247,10
DA:250,10
DA:253,35
DA:260,2
DA:262,40
DA:265,40
DA:266,26
DA:268,14
DA:271,40
DA:272,40
DA:275,40
DA:276,40
DA:282,2
DA:284,9
DA:285,9
DA:291,2
DA:293,6
DA:294,6
DA:296,6
DA:298,6
DA:299,18
DA:300,18
DA:301,18
DA:302,18
DA:305,6
DA:311,2
DA:312,0
DA:314,0
DA:315,0
DA:316,0
DA:318,0
DA:319,0
DA:320,0
DA:322,0
DA:323,0
DA:324,0
DA:327,0
DA:328,0
DA:329,0
DA:330,0
DA:331,0
DA:334,0
DA:335,0
DA:336,0
DA:337,0
DA:340,0
DA:347,2
DA:348,21
DA:350,21
DA:352,0
DA:353,0
DA:355,9
DA:356,9
DA:358,12
DA:359,0
DA:361,12
DA:363,12
DA:368,0
DA:369,0
DA:370,0
DA:372,0
DA:375,0
DA:377,0
DA:380,21
DA:386,2
DA:387,0
DA:389,0
DA:390,0
DA:392,0
DA:393,0
DA:396,0
DA:397,0
DA:399,0
DA:402,0
DA:404,0
DA:405,0
DA:406,0
DA:412,0
DA:415,0
DA:416,0
DA:417,0
DA:424,2
DA:425,0
DA:429,0
DA:430,0
DA:432,0
DA:433,0
DA:441,2
DA:442,4
DA:443,4
DA:444,4
DA:450,4
DA:451,4
DA:452,4
DA:459,2
DA:460,1
DA:461,1
DA:462,1
DA:468,1
DA:469,1
DA:470,1
DA:476,2
DA:477,0
DA:478,0
DA:484,0
DA:486,0
DA:487,0
DA:488,0
DA:489,0
DA:490,0
DA:491,0
DA:492,0
DA:494,0
DA:495,0
DA:497,0
DA:505,2
DA:506,1
DA:513,1
DA:515,1
DA:516,0
DA:518,1
DA:525,2
DA:526,1
DA:527,1
DA:529,1
DA:536,1
DA:538,1
DA:539,0
DA:541,1
DA:548,2
DA:549,1
DA:550,1
DA:552,1
DA:559,1
DA:561,1
DA:562,1
DA:563,0
DA:565,1
DA:566,1
DA:573,2
DA:574,1
DA:575,1
DA:576,1
DA:577,1
DA:578,1
DA:584,1
DA:586,1
DA:587,1
DA:588,0
DA:590,1
DA:591,1
DA:600,2
DA:601,66
DA:602,66
DA:604,66
DA:607,66
DA:609,66
DA:616,2
DA:617,67
DA:623,67
DA:626,67
DA:627,67
DA:629,67
DA:632,67
DA:634,25
DA:642,2
DA:643,15
DA:651,15
DA:652,15
DA:655,15
DA:656,14
DA:659,15
DA:662,15
DA:663,15
DA:666,15
DA:667,0
DA:670,15
DA:671,15
DA:674,15
DA:675,0
DA:678,15
DA:679,0
DA:689,2
DA:691,15
DA:692,1
DA:696,15
DA:697,1
DA:703,1
DA:707,15
DA:708,2
DA:710,15
DA:712,15
DA:713,15
DA:715,15
DA:716,8
DA:717,8
DA:719,8
DA:720,0
DA:721,0
DA:725,8
DA:726,2
DA:729,6
DA:730,0
DA:731,0
DA:735,6
DA:736,0
DA:740,7
DA:742,15
DA:745,2
DA:747,14
DA:748,14
DA:749,14
DA:750,40
DA:751,0
DA:753,40
DA:757,14
DA:763,2
DA:765,0
DA:767,0
DA:768,0
DA:769,0
DA:777,2
DA:779,0
DA:780,0
DA:781,0
DA:782,0
DA:786,0
DA:787,0
DA:788,0
DA:789,0
DA:794,0
DA:795,0
DA:797,0
DA:804,2
DA:805,0
DA:806,0
DA:807,0
DA:808,0
DA:809,0
DA:810,0
DA:811,0
DA:812,0
DA:813,0
DA:819,2
DA:820,327
DA:821,327
DA:824,2
LF:348
LH:225
BRDA:101,0,0,103
BRDA:101,0,1,0
BRDA:102,1,0,21
BRDA:102,1,1,82
BRDA:104,2,0,21
BRDA:104,2,1,82
BRDA:106,3,0,21
BRDA:106,3,1,0
BRDA:108,4,0,13
BRDA:108,4,1,56
BRDA:113,5,0,13
BRDA:113,5,1,0
BRDA:120,6,0,8
BRDA:120,6,1,0
BRDA:125,7,0,8
BRDA:125,7,1,0
BRDA:131,8,0,82
BRDA:131,8,1,0
BRDA:133,9,0,53
BRDA:133,9,1,205
BRDA:133,10,0,258
BRDA:133,10,1,55
BRDA:139,11,0,29
BRDA:139,11,1,0
BRDA:139,12,0,29
BRDA:139,12,1,29
BRDA:155,13,0,0
BRDA:155,13,1,2
BRDA:156,14,0,0
BRDA:156,14,1,2
BRDA:158,15,0,0
BRDA:158,15,1,2
BRDA:160,16,0,0
BRDA:160,16,1,0
BRDA:162,17,0,0
BRDA:162,17,1,0
BRDA:167,18,0,0
BRDA:167,18,1,0
BRDA:174,19,0,0
BRDA:174,19,1,0
BRDA:179,20,0,0
BRDA:179,20,1,0
BRDA:185,21,0,2
BRDA:185,21,1,0
BRDA:187,22,0,2
BRDA:187,22,1,0
BRDA:187,23,0,2
BRDA:187,23,1,2
BRDA:193,24,0,0
BRDA:193,24,1,0
BRDA:193,25,0,0
BRDA:193,25,1,0
BRDA:206,26,0,10
BRDA:206,26,1,25
BRDA:212,27,0,35
BRDA:212,27,1,0
BRDA:222,28,0,79
BRDA:222,28,1,271
BRDA:222,29,0,350
BRDA:222,29,1,79
BRDA:223,30,0,0
BRDA:223,30,1,79
BRDA:234,31,0,25
BRDA:234,31,1,10
BRDA:240,32,0,62
BRDA:240,32,1,37
BRDA:242,33,0,37
BRDA:242,33,1,0
BRDA:242,34,0,37
BRDA:242,34,1,37
BRDA:247,35,0,10
BRDA:247,35,1,0
BRDA:247,36,0,10
BRDA:247,36,1,0
BRDA:265,37,0,26
BRDA:265,37,1,14
BRDA:312,38,0,0
BRDA:312,38,1,0
BRDA:312,38,2,0
BRDA:334,39,0,0
BRDA:334,39,1,0
BRDA:350,40,0,0
BRDA:350,40,1,9
BRDA:350,40,2,12
BRDA:350,40,3,0
BRDA:350,40,4,0
BRDA:350,40,5,0
BRDA:358,41,0,0
BRDA:358,41,1,12
BRDA:368,42,0,0
BRDA:368,42,1,0
BRDA:369,43,0,0
BRDA:369,43,1,0
BRDA:396,44,0,0
BRDA:396,44,1,0
BRDA:425,45,0,0
BRDA:425,45,1,0
BRDA:425,45,2,0
BRDA:425,45,3,0
BRDA:442,46,0,4
BRDA:442,46,1,0
BRDA:450,47,0,4
BRDA:450,47,1,0
BRDA:460,48,0,1
BRDA:460,48,1,0
BRDA:468,49,0,1
BRDA:468,49,1,0
BRDA:488,50,0,0
BRDA:488,50,1,0
BRDA:494,51,0,0
BRDA:494,51,1,0
BRDA:515,52,0,0
BRDA:515,52,1,1
BRDA:538,53,0,0
BRDA:538,53,1,1
BRDA:538,54,0,1
BRDA:538,54,1,1
BRDA:550,55,0,1
BRDA:550,55,1,0
BRDA:562,56,0,0
BRDA:562,56,1,1
BRDA:576,57,0,0
BRDA:576,57,1,1
BRDA:587,58,0,0
BRDA:587,58,1,1
BRDA:632,59,0,25
BRDA:632,59,1,42
BRDA:632,60,0,67
BRDA:632,60,1,50
BRDA:651,61,0,15
BRDA:651,61,1,0
BRDA:655,62,0,14
BRDA:655,62,1,1
BRDA:666,63,0,0
BRDA:666,63,1,15
BRDA:674,64,0,0
BRDA:674,64,1,15
BRDA:678,65,0,0
BRDA:678,65,1,15
BRDA:678,66,0,15
BRDA:678,66,1,0
BRDA:691,67,0,1
BRDA:691,67,1,14
BRDA:696,68,0,1
BRDA:696,68,1,14
BRDA:707,69,0,2
BRDA:707,69,1,13
BRDA:715,70,0,8
BRDA:715,70,1,7
BRDA:719,71,0,0
BRDA:719,71,1,8
BRDA:720,72,0,0
BRDA:720,72,1,0
BRDA:725,73,0,2
BRDA:725,73,1,6
BRDA:725,74,0,8
BRDA:725,74,1,2
BRDA:729,75,0,0
BRDA:729,75,1,6
BRDA:729,76,0,6
BRDA:729,76,1,0
BRDA:730,77,0,0
BRDA:730,77,1,0
BRDA:735,78,0,0
BRDA:735,78,1,6
BRDA:750,79,0,0
BRDA:750,79,1,40
BRDA:767,80,0,0
BRDA:767,80,1,0
BRDA:780,81,0,0
BRDA:780,81,1,0
BRDA:787,82,0,0
BRDA:787,82,1,0
BRDA:787,83,0,0
BRDA:787,83,1,0
BRDA:787,83,2,0
BRDA:794,84,0,0
BRDA:794,84,1,0
BRF:178
BRH:88
end_of_record
